[2025-03-15 16:27:35] WARN: Failed login attempt for: fakeemail@doesnotexist.com
[2025-03-15 16:27:38] WARN: Failed login attempt for: fakeemail@doesnotexist.com
[2025-03-15 16:27:39] WARN: Failed login attempt for: fakeemail@doesnotexist.com
[2025-03-15 16:27:40] WARN: Failed login attempt for: fakeemail@doesnotexist.com
[2025-03-15 16:28:10] WARN: Failed login ateempt for non-existent user: fakeemail2nd@doesnotexist.com
[2025-03-15 16:28:21] WARN: Failed login ateempt for non-existent user: fakeemail2nd@doesnotexist.com
[2025-03-15 16:28:22] WARN: Failed login ateempt for non-existent user: fakeemail2nd@doesnotexist.com
[2025-03-15 16:28:23] WARN: Failed login ateempt for non-existent user: fakeemail2nd@doesnotexist.com
[2025-03-15 16:28:24] WARN: Failed login ateempt for non-existent user: fakeemail2nd@doesnotexist.com
[2025-03-15 16:28:25] WARN: Failed login ateempt for non-existent user: fakeemail2nd@doesnotexist.com
[2025-03-26 17:05:20] INFO: POST /api/auth/login - ::1
[2025-03-26 17:05:20] WARN: Failed login ateempt for non-existent user: 
[2025-03-26 17:05:21] INFO: POST /api/auth/login - ::1
[2025-03-26 17:05:21] WARN: Failed login ateempt for non-existent user: 
[2025-03-26 17:15:44] INFO: POST /api/auth/login - ::1
[2025-03-26 17:15:44] WARN: Failed login ateempt for non-existent user: user1@test.com
[2025-03-26 17:15:59] INFO: POST /api/auth/login - ::1
[2025-03-26 17:15:59] WARN: Failed login ateempt for non-existent user: user1@test.com
[2025-03-26 17:17:10] INFO: POST /api/auth/login - ::1
[2025-03-26 17:17:10] WARN: Failed login ateempt for non-existent user: user1@test.com
[2025-03-26 17:22:40] INFO: POST /api/auth/login - ::1
[2025-03-26 17:22:40] WARN: Failed login ateempt for non-existent user: user1@test.com
[2025-03-26 17:22:54] INFO: POST /api/auth/login - ::1
[2025-03-26 17:22:54] WARN: Failed login atempt for non-existent user: user1@test.com
[2025-03-26 17:23:02] INFO: POST /api/auth/login - ::1
[2025-03-26 17:23:02] WARN: Failed login atempt for non-existent user: user1@test.com
[2025-03-26 17:23:14] INFO: POST /api/auth/login - ::1
[2025-03-26 17:23:14] WARN: Failed login attempt for non-existent user: user1@test.com
[2025-03-27 12:54:38] INFO: POST /api/auth/register - ::1
[2025-03-27 12:56:20] INFO: POST /api/auth/login - ::1
[2025-03-27 12:56:20] WARN: Failed login attempt for: buyer1@test1.com
[2025-03-27 12:56:29] INFO: POST /api/auth/login - ::1
[2025-03-27 12:56:29] WARN: Failed login attempt for non-existent user: buyer@test1.com
[2025-03-27 12:56:36] INFO: POST /api/auth/login - ::1
[2025-03-27 12:56:36] WARN: Failed login attempt for non-existent user: user1@test1.com
[2025-03-27 12:56:37] INFO: POST /api/auth/login - ::1
[2025-03-27 12:56:37] WARN: Failed login attempt for non-existent user: user1@test1.com
[2025-03-27 12:56:38] INFO: POST /api/auth/login - ::1
[2025-03-27 12:56:38] WARN: Failed login attempt for non-existent user: user1@test1.com
[2025-03-27 12:56:38] INFO: POST /api/auth/login - ::1
[2025-03-27 12:56:38] INFO: POST /api/auth/login - ::1
[2025-03-27 12:56:38] INFO: POST /api/auth/login - ::1
[2025-03-27 12:56:38] INFO: POST /api/auth/login - ::1
[2025-03-27 12:56:39] INFO: POST /api/auth/login - ::1
[2025-03-27 12:57:17] INFO: POST /api/auth/register - ::1
[2025-03-27 12:57:31] INFO: POST /api/auth/login - ::1
[2025-03-27 12:58:29] INFO: POST /api/auth/register - ::1
[2025-03-27 12:58:45] INFO: POST /api/auth/login - ::1
[2025-03-27 13:02:01] INFO: POST /api/auth/register - ::1
[2025-03-27 13:02:12] INFO: POST /api/auth/login - ::1
[2025-03-30 14:24:10] INFO: POST /api/auth/register - ::1
[2025-03-30 14:24:28] INFO: POST /api/auth/login - ::1
[2025-03-30 14:25:33] INFO: POST /api/auth/login - ::1
[2025-03-30 14:25:33] WARN: Failed login attempt for: buyer1@example.com
[2025-03-30 14:25:39] INFO: POST /api/auth/login - ::1
[2025-03-30 14:25:39] WARN: Failed login attempt for non-existent user: buyertest@example.com
[2025-03-30 14:27:51] INFO: POST /api/auth/register - ::1
[2025-03-30 14:28:00] INFO: POST /api/auth/login - ::1
[2025-03-30 14:49:24] INFO: POST /api/auth/login - ::1
[2025-03-30 14:49:25] WARN: Failed login attempt for: testbuyer@example.com
[2025-03-30 14:49:26] INFO: POST /api/auth/login - ::1
[2025-03-30 14:49:26] WARN: Failed login attempt for: testbuyer@example.com
[2025-03-30 14:49:27] INFO: POST /api/auth/login - ::1
[2025-03-30 14:49:27] WARN: Failed login attempt for: testbuyer@example.com
[2025-03-30 14:49:31] INFO: POST /api/auth/login - ::1
[2025-03-30 15:19:45] INFO: POST /api/auth/login - ::1
[2025-03-30 15:24:53] INFO: POST /api/auth/register - ::1
[2025-03-30 15:25:02] INFO: POST /api/auth/login - ::1
[2025-03-30 15:25:30] INFO: POST /api/auth/login - ::1
[2025-03-30 15:33:56] INFO: POST /api/auth/register - ::1
[2025-03-30 15:34:08] INFO: POST /api/auth/login - ::1
[2025-03-30 15:34:08] WARN: Failed login attempt for non-existent user: buyertest2@example.com
[2025-03-30 15:34:10] INFO: POST /api/auth/login - ::1
[2025-03-30 15:34:10] WARN: Failed login attempt for non-existent user: buyerTest2@example.com
[2025-03-30 15:34:13] INFO: POST /api/auth/login - ::1
[2025-03-30 15:34:13] WARN: Failed login attempt for non-existent user: buyerTest2@example.com
[2025-03-30 15:34:19] INFO: POST /api/auth/login - ::1
[2025-03-30 15:34:19] WARN: Failed login attempt for non-existent user: buyerTest2@example.com
[2025-03-30 15:34:19] INFO: POST /api/auth/login - ::1
[2025-03-30 15:34:19] WARN: Failed login attempt for non-existent user: buyerTest2@example.com
[2025-03-30 15:34:20] INFO: POST /api/auth/login - ::1
[2025-03-30 15:34:21] INFO: POST /api/auth/login - ::1
[2025-03-30 15:34:22] INFO: POST /api/auth/login - ::1
[2025-03-30 15:34:22] INFO: POST /api/auth/login - ::1
[2025-03-30 15:34:22] INFO: POST /api/auth/login - ::1
[2025-03-30 15:34:22] INFO: POST /api/auth/login - ::1
[2025-03-30 15:34:25] INFO: POST /api/auth/login - ::1
[2025-03-30 15:34:26] INFO: POST /api/auth/login - ::1
[2025-03-30 15:34:26] INFO: POST /api/auth/login - ::1
[2025-03-30 15:34:26] INFO: POST /api/auth/login - ::1
[2025-03-30 15:34:26] INFO: POST /api/auth/login - ::1
[2025-03-30 15:34:26] INFO: POST /api/auth/login - ::1
[2025-03-30 15:35:10] INFO: POST /api/auth/register - ::1
[2025-03-30 15:35:22] INFO: POST /api/auth/login - ::1
[2025-03-30 15:35:47] INFO: POST /api/auth/login - ::1
[2025-03-30 15:35:47] WARN: Failed login attempt for: buyertest1@buyertest1.com
[2025-03-30 15:39:07] INFO: POST /api/auth/register - ::1
[2025-03-30 15:39:30] INFO: POST /api/auth/register - ::1
[2025-03-30 15:39:39] INFO: POST /api/auth/login - ::1
[2025-03-31 08:43:26] INFO: POST /api/auth/register - ::1
[2025-03-31 08:44:09] INFO: POST /api/auth/login - ::1
[2025-03-31 08:44:09] WARN: Failed login attempt for: testuser1@example.com
[2025-03-31 08:44:44] INFO: POST /api/auth/login - ::1
[2025-03-31 08:46:27] INFO: POST /api/auth/register - ::1
[2025-03-31 08:46:40] INFO: POST /api/auth/login - ::1
[2025-03-31 08:48:05] INFO: POST /api/auth/login - ::1
[2025-03-31 09:06:48] INFO: POST /api/auth/login - ::1
[2025-03-31 14:42:25] INFO: POST /api/auth/login - ::1
[2025-03-31 14:42:52] INFO: GET /api/users/profile - ::1
[2025-03-31 14:56:49] INFO: GET /api/properties - ::1
[2025-03-31 14:57:30] INFO: GET /api/properties - ::1
[2025-03-31 14:57:52] INFO: GET /api/users/profile - ::1
[2025-03-31 14:58:36] INFO: POST /api/properties - ::1
[2025-03-31 15:28:03] INFO: POST /api/auth/login - ::1
[2025-03-31 15:29:49] INFO: GET /api/users/profile - ::1
[2025-03-31 15:30:04] INFO: GET /api/users/profile - ::1
[2025-03-31 15:34:09] INFO: POST /api/auth/register - ::1
[2025-03-31 15:35:31] INFO: POST /api/auth/login - ::1
[2025-03-31 15:35:31] WARN: Failed login attempt for non-existent user: undefined
[2025-03-31 15:35:46] INFO: POST /api/auth/login - ::1
[2025-03-31 15:36:13] INFO: POST /api/auth/login - ::1
[2025-03-31 15:51:15] INFO: POST /api/properties - ::1
[2025-03-31 15:58:08] INFO: POST /api/properties - ::1
[2025-03-31 16:23:35] INFO: POST /api/properties - ::1
[2025-03-31 16:23:41] INFO: POST /api/properties - ::1
[2025-03-31 16:23:47] INFO: POST /api/properties - ::1
[2025-03-31 16:23:47] INFO: POST /api/properties - ::1
[2025-03-31 16:23:49] INFO: POST /api/properties - ::1
[2025-03-31 16:24:19] INFO: POST /api/properties - ::1
[2025-03-31 16:24:52] INFO: POST /api/auth/login - ::1
[2025-03-31 16:25:13] INFO: POST /api/properties - ::1
[2025-03-31 16:45:52] INFO: POST /api/auth/register - ::1
[2025-03-31 16:46:28] INFO: POST /api/auth/login - ::1
[2025-03-31 16:48:23] INFO: POST /api/properties - ::1
[2025-03-31 16:50:13] INFO: GET /api/users/profile - ::1
[2025-03-31 16:51:14] INFO: POST /api/properties - ::1
[2025-03-31 16:58:31] INFO: POST /api/properties - ::1
[2025-03-31 17:01:17] INFO: POST /api/properties - ::1
[2025-03-31 17:02:58] INFO: GET /api/users/profile - ::1
[2025-03-31 17:22:04] INFO: GET /api/users/profile - ::1
[2025-03-31 17:22:06] INFO: POST /api/properties - ::1
[2025-03-31 17:59:39] INFO: POST /api/properties - ::1
[2025-03-31 17:59:42] INFO: GET /api/users/profile - ::1
[2025-03-31 17:59:44] INFO: POST /api/auth/login - ::1
[2025-03-31 17:59:46] INFO: POST /api/auth/register - ::1
[2025-03-31 17:59:49] INFO: POST /api/auth/login - ::1
[2025-03-31 17:59:52] INFO: POST /api/properties - ::1
[2025-03-31 18:00:10] INFO: POST /api/auth/login - ::1
[2025-03-31 18:00:18] INFO: POST /api/properties - ::1
[2025-03-31 18:00:24] INFO: GET /api/users/profile - ::1
[2025-04-01 10:13:57] INFO: POST /api/auth/login - ::1
[2025-04-01 10:18:04] INFO: POST /api/auth/login - ::1
[2025-04-01 12:16:53] INFO: POST /api/auth/login - ::1
[2025-04-01 12:18:12] INFO: POST /api/auth/register - ::1
[2025-04-01 12:18:28] INFO: POST /api/auth/login - ::1
[2025-04-01 12:39:50] INFO: POST /api/auth/login - ::1
[2025-04-01 14:33:47] INFO: POST /api/auth/login - ::1
[2025-04-01 14:43:22] INFO: POST /api/properties - ::1
[2025-04-01 14:44:18] INFO: POST /api/properties - ::1
[2025-04-01 14:44:20] INFO: POST /api/properties - ::1
[2025-04-01 14:44:22] INFO: POST /api/properties - ::1
[2025-04-01 14:44:22] INFO: POST /api/properties - ::1
[2025-04-01 14:44:22] INFO: POST /api/properties - ::1
[2025-04-01 14:44:23] INFO: POST /api/properties - ::1
[2025-04-01 14:44:23] INFO: POST /api/properties - ::1
[2025-04-01 14:44:23] INFO: POST /api/properties - ::1
[2025-04-01 14:44:23] INFO: POST /api/properties - ::1
[2025-04-01 14:44:24] INFO: POST /api/properties - ::1
[2025-04-01 14:44:24] INFO: POST /api/properties - ::1
[2025-04-01 14:44:27] INFO: POST /api/properties - ::1
[2025-04-01 14:44:29] INFO: POST /api/properties - ::1
[2025-04-01 14:44:30] INFO: POST /api/properties - ::1
[2025-04-01 14:44:30] INFO: POST /api/properties - ::1
[2025-04-01 14:44:31] INFO: POST /api/properties - ::1
[2025-04-01 14:44:31] INFO: POST /api/properties - ::1
[2025-04-01 14:44:31] INFO: POST /api/properties - ::1
[2025-04-01 14:46:08] INFO: POST /api/properties - ::1
[2025-04-01 15:02:49] INFO: POST /api/properties - ::1
[2025-04-01 15:03:27] INFO: POST /api/properties - ::1
[2025-04-01 15:03:52] INFO: POST /api/properties - ::1
[2025-04-01 15:04:45] INFO: POST /api/properties - ::1
[2025-04-01 15:04:49] INFO: POST /api/properties - ::1
[2025-04-01 15:04:51] INFO: POST /api/properties - ::1
[2025-04-01 15:04:51] INFO: POST /api/properties - ::1
[2025-04-01 15:04:51] INFO: POST /api/properties - ::1
[2025-04-01 15:04:51] INFO: POST /api/properties - ::1
[2025-04-01 15:04:52] INFO: POST /api/properties - ::1
[2025-04-01 15:04:52] INFO: POST /api/properties - ::1
[2025-04-01 15:04:52] INFO: POST /api/properties - ::1
[2025-04-01 15:04:52] INFO: POST /api/properties - ::1
[2025-04-01 15:04:52] INFO: POST /api/properties - ::1
[2025-04-01 15:04:52] INFO: POST /api/properties - ::1
[2025-04-01 15:04:53] INFO: POST /api/properties - ::1
[2025-04-01 15:04:53] INFO: POST /api/properties - ::1
[2025-04-01 15:04:53] INFO: POST /api/properties - ::1
[2025-04-01 15:04:53] INFO: POST /api/properties - ::1
[2025-04-01 15:04:53] INFO: POST /api/properties - ::1
[2025-04-01 15:04:54] INFO: POST /api/properties - ::1
[2025-04-01 15:04:54] INFO: POST /api/properties - ::1
[2025-04-01 15:04:54] INFO: POST /api/properties - ::1
[2025-04-01 15:04:54] INFO: POST /api/properties - ::1
[2025-04-01 15:04:54] INFO: POST /api/properties - ::1
[2025-04-01 15:04:55] INFO: POST /api/properties - ::1
[2025-04-01 15:04:55] INFO: POST /api/properties - ::1
[2025-04-01 15:45:05] INFO: POST /api/auth/login - ::1
[2025-04-01 15:53:20] INFO: POST /api/properties - ::1
[2025-04-01 15:54:01] INFO: POST /api/auth/login - ::1
[2025-04-01 15:54:44] INFO: POST /api/properties - ::1
[2025-04-01 15:55:01] INFO: POST /api/properties - ::1
[2025-04-01 15:55:10] INFO: POST /api/properties - ::1
[2025-04-01 16:50:39] INFO: POST /api/auth/register - ::1
[2025-04-01 16:51:38] INFO: POST /api/auth/register - ::1
[2025-04-01 16:51:40] INFO: POST /api/auth/register - ::1
[2025-04-01 16:51:49] INFO: POST /api/auth/login - ::1
[2025-04-01 16:53:19] INFO: POST /api/properties - ::1
[2025-04-01 17:07:42] INFO: POST /api/properties - ::1
[2025-04-01 17:24:21] INFO: POST /api/properties - ::1
[2025-04-01 17:24:29] INFO: POST /api/properties - ::1
[2025-04-01 17:24:52] INFO: POST /api/properties - ::1
[2025-04-01 17:33:38] INFO: POST /api/properties - ::1
[2025-04-01 17:35:06] INFO: POST /api/properties - ::1
[2025-04-01 17:59:15] INFO: POST /api/auth/register - ::1
[2025-04-01 17:59:25] INFO: POST /api/auth/login - ::1
[2025-04-01 17:59:53] INFO: POST /api/properties - ::1
[2025-04-01 18:00:35] INFO: POST /api/properties - ::1
[2025-04-01 18:04:40] INFO: POST /api/properties - ::1
[2025-04-02 13:21:14] INFO: POST /api/properties - ::1
[2025-04-02 13:30:02] INFO: POST /api/properties - ::1
[2025-04-02 15:01:42] INFO: GET /api/properties - ::1
[2025-04-02 15:01:42] INFO: GET /api/properties - ::1
[2025-04-02 15:06:03] INFO: GET /api/properties - ::1
[2025-04-02 15:46:12] INFO: GET /api/properties - ::1
[2025-04-02 15:46:15] INFO: GET /api/properties - ::1
[2025-04-02 15:47:11] INFO: GET /api/properties - ::1
[2025-04-02 15:48:22] INFO: GET /api/properties - ::1
[2025-04-02 15:49:46] INFO: GET /api/properties - ::1
[2025-04-02 15:53:32] INFO: GET /api/properties - ::1
[2025-04-02 15:53:59] INFO: GET /api/properties - ::1
[2025-04-02 15:55:33] INFO: GET /api/properties - ::1
[2025-04-02 15:57:45] INFO: GET /api/properties - ::1
[2025-04-02 15:59:48] INFO: GET /api/properties - ::1
[2025-04-02 16:06:35] INFO: GET /api/properties - ::1
[2025-04-02 16:23:53] INFO: GET /api/properties - ::1
[2025-04-02 16:30:06] INFO: GET /api/properties - ::1
[2025-04-02 16:44:22] INFO: GET /api/properties - ::1
[2025-04-03 10:50:53] INFO: GET /api/properties - ::1
[2025-04-03 10:51:34] INFO: GET /api/properties - ::1
[2025-04-03 10:59:23] INFO: GET /api/properties - ::1
[2025-04-03 11:01:31] INFO: GET /api/users/featured - ::1
[2025-04-03 11:01:31] INFO: GET /api/users/featured - ::1
[2025-04-03 11:01:36] INFO: GET /api/users/featured - ::1
[2025-04-03 11:01:36] INFO: GET /api/properties - ::1
[2025-04-03 11:11:30] INFO: GET /api/users/featured - ::1
[2025-04-03 11:11:30] INFO: GET /api/properties - ::1
[2025-04-03 11:26:11] INFO: GET /api/users/featured - ::1
[2025-04-03 11:26:11] INFO: GET /api/properties - ::1
[2025-04-03 11:45:34] INFO: GET /api/users/featured - ::1
[2025-04-03 11:45:34] INFO: GET /api/properties - ::1
[2025-04-03 11:50:22] INFO: GET /api/users/featured - ::1
[2025-04-03 11:50:22] INFO: GET /api/properties - ::1
[2025-04-03 11:50:32] INFO: GET /api/users/featured - ::1
[2025-04-03 11:50:32] INFO: GET /api/properties - ::1
[2025-04-03 12:01:27] INFO: GET /api/users/featured - ::1
[2025-04-03 12:01:27] INFO: GET /api/properties - ::1
[2025-04-03 12:13:35] INFO: GET /api/users/featured - ::1
[2025-04-03 12:13:35] INFO: GET /api/properties - ::1
[2025-04-03 12:27:38] INFO: GET /api/users/featured - ::1
[2025-04-03 12:27:38] INFO: GET /api/properties - ::1
[2025-04-03 15:50:33] INFO: GET /api/users/featured - ::1
[2025-04-03 15:50:33] INFO: GET /api/properties - ::1
[2025-04-03 15:50:33] INFO: GET /api/users/featured - ::1
[2025-04-03 15:50:33] INFO: GET /api/properties - ::1
[2025-04-03 15:50:43] INFO: GET /api/users/featured - ::1
[2025-04-03 15:50:43] INFO: GET /api/properties - ::1
[2025-04-03 15:50:43] INFO: GET /api/users/featured - ::1
[2025-04-03 15:50:43] INFO: GET /api/properties - ::1
[2025-04-03 15:51:04] INFO: GET /api/users/featured - ::1
[2025-04-03 15:51:04] INFO: GET /api/properties - ::1
[2025-04-03 15:51:45] INFO: GET /api/users/featured - ::1
[2025-04-03 15:51:45] INFO: GET /api/properties - ::1
[2025-04-03 16:22:32] INFO: GET /api/users/featured - ::1
[2025-04-03 16:22:32] INFO: GET /api/properties - ::1
[2025-04-03 16:22:34] INFO: GET /api/users/featured - ::1
[2025-04-03 16:22:34] INFO: GET /api/properties - ::1
[2025-04-03 16:22:34] INFO: GET /api/users/featured - ::1
[2025-04-03 16:22:34] INFO: GET /api/properties - ::1
[2025-04-03 16:23:49] INFO: GET /api/users/featured - ::1
[2025-04-03 16:23:49] INFO: GET /api/properties - ::1
[2025-04-03 16:23:49] INFO: GET /api/users/featured - ::1
[2025-04-03 16:23:49] INFO: GET /api/properties - ::1
[2025-04-03 16:25:18] INFO: POST /api/properties - ::1
[2025-04-03 16:32:29] INFO: GET /api/users/featured - ::1
[2025-04-03 16:32:29] INFO: GET /api/properties - ::1
[2025-04-03 16:32:29] INFO: GET /api/users/featured - ::1
[2025-04-03 16:32:29] INFO: GET /api/properties - ::1
[2025-04-03 16:32:49] INFO: GET /api/users/featured - ::1
[2025-04-03 16:32:49] INFO: GET /api/properties - ::1
[2025-04-03 16:32:54] INFO: GET /api/users/featured - ::1
[2025-04-03 16:32:54] INFO: GET /api/properties - ::1
[2025-04-03 16:35:26] INFO: GET /api/users/featured - ::1
[2025-04-03 16:35:26] INFO: GET /api/properties - ::1
[2025-04-03 16:35:26] INFO: GET /api/users/featured - ::1
[2025-04-03 16:35:26] INFO: GET /api/properties - ::1
[2025-04-03 16:42:20] INFO: GET /api/users/featured - ::1
[2025-04-03 16:42:20] INFO: GET /api/properties - ::1
[2025-04-03 16:42:20] INFO: GET /api/users/featured - ::1
[2025-04-03 16:42:20] INFO: GET /api/properties - ::1
[2025-04-03 16:42:25] INFO: GET /api/users/featured - ::1
[2025-04-03 16:42:25] INFO: GET /api/properties - ::1
[2025-04-03 16:42:25] INFO: GET /api/users/featured - ::1
[2025-04-03 16:42:25] INFO: GET /api/properties - ::1
[2025-04-03 16:42:54] INFO: GET /api/agents/1 - ::1
[2025-04-03 19:18:15] INFO: GET /api/agents/1 - ::1
[2025-04-03 19:31:52] INFO: GET /api/agents/1 - ::1
[2025-04-04 07:57:17] INFO: GET /api/agents/1 - ::1
[2025-04-04 07:57:17] INFO: GET /api/agents/1 - ::1
[2025-04-04 07:57:22] INFO: POST /api/properties/2/enquiry - ::1
[2025-04-04 07:57:46] INFO: POST /api/properties/2/enquiry - ::1
[2025-04-04 08:23:34] INFO: GET /api/users/featured - ::1
[2025-04-04 08:23:34] INFO: GET /api/properties - ::1
[2025-04-04 08:23:34] INFO: GET /api/users/featured - ::1
[2025-04-04 08:23:34] INFO: GET /api/properties - ::1
[2025-04-04 08:25:17] INFO: GET /api/users/featured - ::1
[2025-04-04 08:25:17] INFO: GET /api/properties - ::1
[2025-04-04 09:04:13] INFO: GET /api/users/featured - ::1
[2025-04-04 09:04:13] INFO: GET /api/properties - ::1
[2025-04-04 09:04:51] INFO: POST /api/auth/login - ::1
[2025-04-04 10:46:22] INFO: GET /api/users/featured - ::1
[2025-04-04 10:46:22] INFO: GET /api/properties - ::1
[2025-04-04 10:46:22] INFO: GET /api/users/featured - ::1
[2025-04-04 10:46:22] INFO: GET /api/properties - ::1
[2025-04-04 10:46:26] INFO: GET /api/agents/1 - ::1
[2025-04-06 11:05:56] INFO: GET /api/agents/1 - ::1
[2025-04-06 11:06:01] INFO: GET /api/users/featured - ::1
[2025-04-06 11:06:01] INFO: GET /api/properties - ::1
[2025-04-06 11:06:01] INFO: GET /api/users/featured - ::1
[2025-04-06 11:06:01] INFO: GET /api/properties - ::1
[2025-04-06 11:12:54] INFO: GET /api/agents/1 - ::1
[2025-04-06 11:20:03] INFO: POST /api/properties/2/enquiry - ::1
[2025-04-06 11:20:16] INFO: POST /api/properties/2/enquiry - ::1
[2025-04-06 11:20:28] INFO: POST /api/properties/2/enquiry - ::1
[2025-04-06 12:02:29] INFO: GET /api/users/featured - ::1
[2025-04-06 12:02:29] INFO: GET /api/properties - ::1
[2025-04-06 12:02:29] INFO: GET /api/users/featured - ::1
[2025-04-06 12:02:29] INFO: GET /api/properties - ::1
[2025-04-06 12:24:06] INFO: GET /api/users/featured - ::1
[2025-04-06 12:24:06] INFO: GET /api/properties - ::1
[2025-04-06 14:37:32] INFO: GET /api/users/featured - ::1
[2025-04-06 14:37:32] INFO: GET /api/properties - ::1
[2025-04-06 18:35:59] INFO: GET /api/users/featured - ::1
[2025-04-06 18:35:59] INFO: GET /api/properties - ::1
[2025-04-06 19:13:49] INFO: GET /api/users/featured - ::1
[2025-04-06 19:13:49] INFO: GET /api/properties - ::1
[2025-04-06 19:13:54] INFO: GET /api/agents/2 - ::1
[2025-04-06 19:13:55] INFO: GET /api/users/featured - ::1
[2025-04-06 19:13:55] INFO: GET /api/properties - ::1
[2025-04-06 19:13:55] INFO: GET /api/users/featured - ::1
[2025-04-06 19:13:55] INFO: GET /api/properties - ::1
[2025-04-06 19:14:12] INFO: GET /api/users/featured - ::1
[2025-04-06 19:14:12] INFO: GET /api/properties - ::1
[2025-04-06 19:39:24] INFO: GET /api/agents/2 - ::1
[2025-04-06 19:39:26] INFO: GET /api/users/featured - ::1
[2025-04-06 19:39:26] INFO: GET /api/properties - ::1
[2025-04-06 19:39:26] INFO: GET /api/users/featured - ::1
[2025-04-06 19:39:26] INFO: GET /api/properties - ::1
[2025-04-06 19:54:42] INFO: GET /api/users/featured - ::1
[2025-04-06 19:54:42] INFO: GET /api/properties - ::1
[2025-04-06 19:56:33] INFO: GET /api/users/featured - ::1
[2025-04-06 19:56:33] INFO: GET /api/properties - ::1
[2025-04-06 19:57:57] INFO: GET /api/users/featured - ::1
[2025-04-06 19:57:57] INFO: GET /api/properties - ::1
[2025-04-06 21:06:19] INFO: GET /api/users/featured - ::1
[2025-04-06 21:06:19] INFO: GET /api/properties - ::1
[2025-04-06 21:06:22] INFO: GET /api/users/featured - ::1
[2025-04-06 21:06:22] INFO: GET /api/properties - ::1
[2025-04-06 21:06:39] INFO: GET /api/users/featured - ::1
[2025-04-06 21:06:39] INFO: GET /api/properties - ::1
[2025-04-06 21:11:26] INFO: POST /api/auth/register - ::1
[2025-04-06 21:11:30] INFO: POST /api/auth/register - ::1
[2025-04-06 21:11:38] INFO: POST /api/auth/login - ::1
[2025-04-06 21:11:57] INFO: POST /api/auth/login - ::1
[2025-04-06 21:11:57] WARN: Failed login attempt for: testagent1@example.com
[2025-04-06 21:12:24] INFO: POST /api/auth/register - ::1
[2025-04-06 21:12:31] INFO: POST /api/auth/register - ::1
[2025-04-06 21:12:47] INFO: POST /api/auth/register - ::1
[2025-04-06 21:12:52] INFO: POST /api/auth/register - ::1
[2025-04-06 21:12:54] INFO: POST /api/auth/register - ::1
[2025-04-06 21:13:02] INFO: POST /api/auth/register - ::1
[2025-04-06 21:13:04] INFO: POST /api/auth/register - ::1
[2025-04-06 21:13:06] INFO: POST /api/auth/register - ::1
[2025-04-06 21:13:06] INFO: POST /api/auth/register - ::1
[2025-04-06 21:13:06] INFO: POST /api/auth/register - ::1
[2025-04-06 21:13:07] INFO: POST /api/auth/register - ::1
[2025-04-06 21:13:07] INFO: POST /api/auth/register - ::1
[2025-04-06 21:13:07] INFO: POST /api/auth/register - ::1
[2025-04-06 21:13:07] INFO: POST /api/auth/register - ::1
[2025-04-06 21:13:08] INFO: POST /api/auth/register - ::1
[2025-04-06 21:13:11] INFO: POST /api/auth/register - ::1
[2025-04-06 21:13:12] INFO: POST /api/auth/register - ::1
[2025-04-06 21:13:22] INFO: POST /api/auth/register - ::1
[2025-04-06 21:13:23] INFO: POST /api/auth/register - ::1
[2025-04-06 21:13:31] INFO: POST /api/auth/login - ::1
[2025-04-06 21:15:02] INFO: GET /api/users/featured - ::1
[2025-04-06 21:15:02] INFO: GET /api/properties - ::1
[2025-04-06 21:15:04] INFO: GET /api/users/featured - ::1
[2025-04-06 21:15:04] INFO: GET /api/properties - ::1
[2025-04-06 21:15:04] INFO: GET /api/users/featured - ::1
[2025-04-06 21:15:04] INFO: GET /api/properties - ::1
[2025-04-07 08:51:19] INFO: GET /api/users/featured - ::1
[2025-04-07 08:51:19] INFO: GET /api/properties - ::1
[2025-04-07 09:18:10] INFO: GET /api/users/featured - ::1
[2025-04-07 09:18:10] INFO: GET /api/properties - ::1
[2025-04-07 09:18:10] INFO: GET /api/users/featured - ::1
[2025-04-07 09:18:10] INFO: GET /api/properties - ::1
[2025-04-07 09:18:22] INFO: POST /api/auth/login - ::1
[2025-04-07 09:18:28] INFO: GET /api/users/featured - ::1
[2025-04-07 09:18:28] INFO: GET /api/properties - ::1
[2025-04-07 09:18:28] INFO: GET /api/users/featured - ::1
[2025-04-07 09:18:28] INFO: GET /api/properties - ::1
[2025-04-07 09:41:46] INFO: GET /api/users/featured - ::1
[2025-04-07 09:41:46] INFO: GET /api/properties - ::1
[2025-04-07 09:41:46] INFO: GET /api/users/featured - ::1
[2025-04-07 09:41:46] INFO: GET /api/properties - ::1
[2025-04-07 10:25:11] INFO: GET /api/users/featured - ::1
[2025-04-07 10:25:11] INFO: GET /api/properties - ::1
[2025-04-07 15:59:33] INFO: GET /api/users/featured - ::1
[2025-04-07 15:59:33] INFO: GET /api/properties - ::1
[2025-04-07 16:04:18] INFO: GET /api/users/featured - ::1
[2025-04-07 16:04:18] INFO: GET /api/properties - ::1
[2025-04-07 16:25:14] INFO: GET /api/users/featured - ::1
[2025-04-07 16:25:14] INFO: GET /api/properties - ::1
[2025-04-07 16:27:21] INFO: GET /api/users/featured - ::1
[2025-04-07 16:27:21] INFO: GET /api/properties - ::1
[2025-04-07 16:28:08] INFO: GET /api/questionnaire/check - ::1
[2025-04-08 11:14:40] INFO: GET /api/questionnaire - ::1
[2025-04-08 11:31:50] INFO: GET /api/questionnaire - ::1
[2025-04-08 11:46:47] INFO: POST /api/auth/login - ::1
[2025-04-08 11:46:52] INFO: GET /api/questionnaire - ::1
[2025-04-08 11:55:35] INFO: POST /api/auth/login - ::1
[2025-04-08 11:56:37] INFO: GET /api/questionnaire/submissions - ::1
[2025-04-08 12:12:44] INFO: GET /api/questionnaire - ::1
[2025-04-08 12:14:05] INFO: GET /api/questionnaire - ::1
[2025-04-08 12:30:18] INFO: GET /api/questionnaire/submissions - ::1
[2025-04-08 12:30:26] INFO: POST /api/auth/login - ::1
[2025-04-08 12:30:35] INFO: GET /api/questionnaire/submissions - ::1
[2025-04-08 12:34:19] INFO: PATCH /api/questionnaire/ - ::1
[2025-04-08 12:39:21] INFO: GET /api/users/featured - ::1
[2025-04-08 12:39:21] INFO: GET /api/properties - ::1
[2025-04-08 12:56:08] INFO: GET /api/questionnaire - ::1
[2025-04-08 12:57:32] INFO: GET /api/questionnaire - ::1
[2025-04-08 12:57:32] INFO: GET /api/questionnaire - ::1
[2025-04-08 12:58:18] INFO: POST /api/questionnaire - ::1
[2025-04-08 12:58:58] INFO: GET /api/questionnaire - ::1
[2025-04-08 12:58:58] INFO: GET /api/questionnaire - ::1
[2025-04-08 13:00:00] INFO: POST /api/questionnaire - ::1
[2025-04-08 13:14:38] INFO: PATCH /api/questionnaire/ - ::1
[2025-04-08 13:14:40] INFO: PATCH /api/questionnaire - ::1
[2025-04-08 13:14:45] INFO: PATCH /api/questionnaire - ::1
[2025-04-08 13:14:46] INFO: PATCH /api/questionnaire - ::1
[2025-04-08 13:14:57] INFO: GET /api/questionnaire - ::1
[2025-04-08 13:16:41] INFO: PATCH /api/questionnaire - ::1
[2025-04-08 13:43:22] INFO: POST /api/questionnaire - ::1
[2025-04-08 13:43:37] INFO: POST /api/auth/login - ::1
[2025-04-08 13:44:00] INFO: POST /api/questionnaire - ::1
[2025-04-08 13:44:01] INFO: POST /api/questionnaire - ::1
[2025-04-08 14:13:08] INFO: POST /api/questionnaire - ::1
[2025-04-08 22:49:49] INFO: GET /api/questionnaire - ::1
[2025-04-08 22:49:58] INFO: GET /api/questionnaire/submissions - ::1
[2025-04-08 22:54:40] INFO: GET /api/questionnaire/submissions - ::1
[2025-04-08 22:55:01] INFO: GET /api/questionnaire/submissions - ::1
[2025-04-08 22:56:40] INFO: GET /api/questionnaire/submissions - ::1
[2025-04-08 23:16:42] INFO: GET /api/questionnaire/submissions - ::1
[2025-04-08 23:16:42] INFO: GET /api/questionnaire/submissions - ::1
[2025-04-08 23:17:40] INFO: GET /api/questionnaire/submissions - ::1
[2025-04-08 23:21:14] INFO: GET /api/questionnaire/submissions - ::1
[2025-04-08 23:31:34] INFO: GET /api/questionnaire/submissions - ::1
[2025-04-08 23:35:42] INFO: GET /api/questionnaire/submissions - ::1
[2025-04-08 23:54:09] INFO: GET /api/questionnaire/submissions - ::1
[2025-04-09 09:00:56] INFO: GET /api/questionnaire/submissions - ::1
[2025-04-09 09:12:23] INFO: GET /api/questionnaire/submissions - ::1
[2025-04-09 10:17:53] INFO: POST /api/questionnaire/2/email - ::1
[2025-04-09 10:18:37] INFO: POST /api/questionnaire/2/email - ::1
[2025-04-09 10:21:29] INFO: POST /api/auth/register - ::1
[2025-04-09 10:21:33] INFO: POST /api/auth/login - ::1
[2025-04-09 10:21:38] INFO: GET /api/questionnaire - ::1
[2025-04-09 10:22:12] INFO: POST /api/questionnaire - ::1
[2025-04-09 10:22:19] INFO: POST /api/questionnaire - ::1
[2025-04-09 10:22:31] INFO: POST /api/questionnaire - ::1
[2025-04-09 10:22:54] INFO: PATCH /api/questionnaire - ::1
[2025-04-09 10:25:19] INFO: GET /api/questionnaire - ::1
[2025-04-09 10:26:09] INFO: POST /api/questionnaire - ::1
[2025-04-09 10:26:13] INFO: POST /api/questionnaire - ::1
[2025-04-09 10:26:39] INFO: POST /api/questionnaire - ::1
[2025-04-09 10:58:36] INFO: POST /api/auth/login - ::1
[2025-04-09 10:58:36] WARN: Failed login attempt for non-existent user: asce3d2y17@gmail.com  
[2025-04-09 10:58:37] INFO: POST /api/auth/login - ::1
[2025-04-09 10:58:37] WARN: Failed login attempt for non-existent user: asce3d2y17@gmail.com  
[2025-04-09 10:58:37] INFO: POST /api/auth/login - ::1
[2025-04-09 10:58:37] WARN: Failed login attempt for non-existent user: asce3d2y17@gmail.com  
[2025-04-09 10:58:37] INFO: POST /api/auth/login - ::1
[2025-04-09 10:58:37] WARN: Failed login attempt for non-existent user: asce3d2y17@gmail.com  
[2025-04-09 10:58:38] INFO: POST /api/auth/login - ::1
[2025-04-09 10:58:38] WARN: Failed login attempt for non-existent user: asce3d2y17@gmail.com  
[2025-04-09 10:58:38] INFO: POST /api/auth/login - ::1
[2025-04-09 11:07:26] INFO: POST /api/auth/register - ::1
[2025-04-09 11:07:54] INFO: POST /api/auth/register - ::1
[2025-04-09 11:08:08] INFO: POST /api/auth/login - ::1
[2025-04-09 11:08:12] INFO: POST /api/auth/login - ::1
[2025-04-09 11:08:15] INFO: POST /api/auth/login - ::1
[2025-04-09 11:11:14] INFO: POST /api/auth/login - ::1
[2025-04-09 11:11:14] WARN: Failed login attempt for: greenwooda124@protonmail.com
[2025-04-09 11:16:15] INFO: POST /api/auth/register - ::1
[2025-04-09 11:16:26] INFO: POST /api/auth/login - ::1
[2025-04-09 11:16:31] INFO: GET /api/questionnaire - ::1
[2025-04-09 11:17:07] INFO: POST /api/questionnaire - ::1
[2025-04-09 11:48:25] INFO: POST /api/questionnaire - ::1
[2025-04-09 11:51:48] INFO: POST /api/questionnaire - ::1
[2025-04-09 11:55:10] INFO: POST /api/questionnaire - ::1
[2025-04-09 11:55:28] INFO: POST /api/questionnaire - ::1
[2025-04-09 11:57:21] INFO: POST /api/questionnaire - ::1
[2025-04-09 11:57:30] INFO: POST /api/questionnaire - ::1
[2025-04-09 11:59:03] INFO: POST /api/questionnaire - ::1
[2025-04-09 11:59:25] INFO: POST /api/questionnaire - ::1
[2025-04-09 12:05:21] INFO: POST /api/questionnaire - ::1
[2025-04-09 12:25:52] INFO: POST /api/questionnaire - ::1
[2025-04-09 12:26:17] INFO: POST /api/questionnaire - ::1
[2025-04-09 12:30:02] INFO: POST /api/questionnaire - ::1
[2025-04-09 12:30:27] INFO: POST /api/questionnaire - ::1
[2025-04-09 12:33:09] INFO: POST /api/questionnaire - ::1
[2025-04-09 12:33:26] INFO: POST /api/questionnaire - ::1
[2025-04-09 14:20:30] INFO: GET /api/questionnaire - ::1
[2025-04-09 14:20:58] INFO: POST /api/questionnaire - ::1
[2025-04-09 15:06:30] INFO: POST /api/questionnaire - ::1
[2025-04-09 15:10:03] INFO: POST /api/questionnaire - ::1
[2025-04-09 15:17:45] INFO: POST /api/questionnaire - ::1
[2025-04-09 15:29:19] INFO: GET /api/questionnaire/submissions - ::1
[2025-04-09 15:52:46] INFO: GET /api/questionnaire/submissions - ::1
[2025-04-09 15:52:46] INFO: GET /api/questionnaire - ::1
[2025-04-09 16:35:34] INFO: GET /api/users/featured - ::1
[2025-04-09 16:35:34] INFO: GET /api/properties - ::1
[2025-04-09 16:35:34] INFO: GET /api/questionnaire/check - ::1
[2025-04-09 16:35:34] INFO: GET /api/properties - ::1
[2025-04-09 21:36:24] INFO: GET /api/users/featured - ::1
[2025-04-09 21:36:24] INFO: GET /api/properties - ::1
[2025-04-09 21:36:24] INFO: GET /api/questionnaire/check - ::1
[2025-04-10 09:46:44] INFO: GET /api/users/featured - ::1
[2025-04-10 09:46:44] INFO: GET /api/properties - ::1
[2025-04-10 09:46:44] INFO: GET /api/questionnaire/check - ::1
[2025-04-10 09:46:46] INFO: GET /api/questionnaire/check - ::1
[2025-04-10 09:46:46] INFO: GET /api/questionnaire/check - ::1
[2025-04-10 09:46:48] INFO: GET /api/questionnaire - ::1
[2025-04-10 09:46:48] INFO: GET /api/questionnaire - ::1
[2025-04-10 09:48:30] INFO: GET /api/users/featured - ::1
[2025-04-10 09:48:30] INFO: GET /api/properties - ::1
[2025-04-10 09:48:30] INFO: GET /api/questionnaire/check - ::1
[2025-04-10 09:48:31] INFO: GET /api/users/featured - ::1
[2025-04-10 09:48:31] INFO: GET /api/properties - ::1
[2025-04-10 09:48:31] INFO: GET /api/questionnaire/check - ::1
[2025-04-10 09:48:32] INFO: GET /api/questionnaire - ::1
[2025-04-10 09:48:32] INFO: GET /api/questionnaire - ::1
[2025-04-10 09:48:33] INFO: GET /api/users/featured - ::1
[2025-04-10 09:48:33] INFO: GET /api/properties - ::1
[2025-04-10 09:48:33] INFO: GET /api/questionnaire/check - ::1
[2025-04-10 09:48:33] INFO: GET /api/users/featured - ::1
[2025-04-10 09:48:33] INFO: GET /api/properties - ::1
[2025-04-10 09:48:33] INFO: GET /api/questionnaire/check - ::1
[2025-04-10 09:48:34] INFO: GET /api/questionnaire - ::1
[2025-04-10 09:48:34] INFO: GET /api/questionnaire - ::1
[2025-04-10 09:48:36] INFO: GET /api/users/featured - ::1
[2025-04-10 09:48:36] INFO: GET /api/properties - ::1
[2025-04-10 09:48:36] INFO: GET /api/users/featured - ::1
[2025-04-10 09:48:36] INFO: GET /api/questionnaire/check - ::1
[2025-04-10 09:48:36] INFO: GET /api/questionnaire/check - ::1
[2025-04-10 09:48:36] INFO: GET /api/properties - ::1
[2025-04-10 10:39:00] INFO: GET /api/questionnaire/reminder - ::1
[2025-04-10 10:39:00] INFO: GET /api/questionnaire/reminder - ::1
[2025-04-10 10:43:47] INFO: GET /api/questionnaire/reminder - ::1
[2025-04-10 10:43:47] INFO: GET /api/questionnaire/reminder - ::1
[2025-04-10 11:03:00] INFO: GET /api/questionnaire/reminder - ::1
[2025-04-10 11:32:54] INFO: GET /api/questionnaire/submissions - ::1
[2025-04-10 11:32:54] INFO: GET /api/questionnaire/reminder - ::1
[2025-04-10 11:42:06] INFO: GET /api/questionnaire/reminder - ::1
[2025-04-10 11:42:06] INFO: GET /api/questionnaire/reminder - ::1
[2025-04-10 11:42:08] INFO: GET /api/questionnaire/reminder - ::1
[2025-04-10 11:42:08] INFO: GET /api/questionnaire/submissions - ::1
[2025-04-10 11:42:08] INFO: GET /api/questionnaire/reminder - ::1
[2025-04-10 11:45:16] INFO: GET /api/questionnaire/reminder - ::1
[2025-04-10 11:45:16] INFO: GET /api/questionnaire/reminder - ::1
[2025-04-10 11:45:17] INFO: GET /api/questionnaire/check - ::1
[2025-04-10 11:45:17] INFO: GET /api/questionnaire/check - ::1
[2025-04-10 11:45:18] INFO: GET /api/questionnaire/reminder - ::1
[2025-04-10 11:45:18] INFO: GET /api/questionnaire/reminder - ::1
[2025-04-10 11:45:19] INFO: GET /api/questionnaire/check - ::1
[2025-04-10 11:45:19] INFO: GET /api/questionnaire/check - ::1
[2025-04-10 11:45:28] INFO: GET /api/questionnaire - ::1
[2025-04-10 11:45:28] INFO: GET /api/questionnaire - ::1
[2025-04-10 11:45:35] INFO: GET /api/questionnaire - ::1
[2025-04-10 11:45:35] INFO: GET /api/questionnaire/reminder - ::1
[2025-04-10 11:45:35] INFO: GET /api/questionnaire/reminder - ::1
[2025-04-10 11:47:26] INFO: GET /api/users/featured - ::1
[2025-04-10 11:47:26] INFO: GET /api/properties - ::1
[2025-04-10 11:47:26] INFO: GET /api/questionnaire/check - ::1
[2025-04-10 11:47:26] INFO: GET /api/users/featured - ::1
[2025-04-10 11:47:26] INFO: GET /api/questionnaire/check - ::1
[2025-04-10 11:47:26] INFO: GET /api/properties - ::1
[2025-04-10 13:12:45] INFO: GET /api/users/featured - ::1
[2025-04-10 13:12:45] INFO: GET /api/properties - ::1
[2025-04-10 13:12:45] INFO: GET /api/questionnaire/reminder - ::1
[2025-04-10 13:12:45] INFO: GET /api/questionnaire/check - ::1
[2025-04-10 13:12:45] INFO: GET /api/questionnaire/reminder - ::1
[2025-04-10 13:13:22] INFO: GET /api/users/featured - ::1
[2025-04-10 13:13:22] INFO: GET /api/properties - ::1
[2025-04-10 13:13:22] INFO: GET /api/questionnaire/reminder - ::1
[2025-04-10 13:13:22] INFO: GET /api/questionnaire/check - ::1
[2025-04-10 13:13:22] INFO: GET /api/questionnaire/reminder - ::1
[2025-04-10 13:13:27] INFO: GET /api/agents/8 - ::1
[2025-04-10 13:13:33] INFO: GET /api/users/featured - ::1
[2025-04-10 13:13:33] INFO: GET /api/properties - ::1
[2025-04-10 13:13:33] INFO: GET /api/users/featured - ::1
[2025-04-10 13:13:33] INFO: GET /api/questionnaire/check - ::1
[2025-04-10 13:13:33] INFO: GET /api/properties - ::1
[2025-04-10 13:13:33] INFO: GET /api/questionnaire/check - ::1
[2025-04-10 13:13:33] INFO: GET /api/agents/7 - ::1
[2025-04-10 13:20:17] INFO: GET /api/users/featured - ::1
[2025-04-10 13:20:17] INFO: GET /api/properties - ::1
[2025-04-10 13:20:17] INFO: GET /api/questionnaire/check - ::1
[2025-04-10 13:20:17] INFO: GET /api/users/featured - ::1
[2025-04-10 13:20:17] INFO: GET /api/questionnaire/check - ::1
[2025-04-10 13:20:17] INFO: GET /api/properties - ::1
[2025-04-10 14:11:42] INFO: GET /api/questionnaire/reminder - ::1
[2025-04-10 14:11:42] INFO: GET /api/questionnaire/submissions - ::1
[2025-04-10 14:11:42] INFO: GET /api/questionnaire/reminder - ::1
[2025-04-10 14:11:42] INFO: GET /api/questionnaire/submissions - ::1
[2025-04-10 14:11:44] INFO: GET /api/questionnaire/reminder - ::1
[2025-04-10 14:11:44] INFO: GET /api/questionnaire/reminder - ::1
[2025-04-10 14:11:48] INFO: GET /api/questionnaire/reminder - ::1
[2025-04-10 14:11:48] INFO: GET /api/questionnaire/submissions - ::1
[2025-04-10 14:11:48] INFO: GET /api/questionnaire/reminder - ::1
[2025-04-11 20:56:00] INFO: GET /api/questionnaire/reminder - ::1
[2025-04-11 20:56:00] INFO: GET /api/questionnaire/submissions - ::1
[2025-04-11 20:56:00] INFO: GET /api/questionnaire/reminder - ::1
[2025-04-11 20:56:39] INFO: GET /api/users/featured - ::1
[2025-04-11 20:56:39] INFO: GET /api/properties - ::1
[2025-04-11 20:56:40] INFO: GET /api/properties - ::1
[2025-04-11 20:56:40] INFO: GET /api/users/featured - ::1
[2025-04-11 21:04:47] INFO: POST /api/auth/login - ::1
[2025-04-11 21:04:47] INFO: GET /api/questionnaire/reminder - ::1
[2025-04-11 21:04:47] INFO: GET /api/questionnaire/reminder - ::1
[2025-04-11 21:04:48] INFO: GET /api/questionnaire/check - ::1
[2025-04-11 21:04:48] INFO: GET /api/questionnaire/check - ::1
[2025-04-11 21:04:52] INFO: GET /api/questionnaire - ::1
[2025-04-11 21:04:52] INFO: GET /api/questionnaire/reminder - ::1
[2025-04-11 21:04:52] INFO: GET /api/questionnaire/reminder - ::1
[2025-04-11 21:06:40] INFO: POST /api/questionnaire - ::1
[2025-04-11 21:06:48] INFO: GET /api/questionnaire/check - ::1
[2025-04-11 21:06:48] INFO: GET /api/questionnaire/check - ::1
[2025-04-11 21:06:50] INFO: GET /api/questionnaire - ::1
[2025-04-11 21:06:50] INFO: GET /api/questionnaire - ::1
[2025-04-11 21:06:54] INFO: GET /api/questionnaire/check - ::1
[2025-04-11 21:06:54] INFO: GET /api/questionnaire/check - ::1
[2025-04-11 21:06:55] INFO: GET /api/questionnaire - ::1
[2025-04-11 21:06:55] INFO: GET /api/questionnaire - ::1
[2025-04-11 21:17:13] INFO: GET /api/questionnaire/check - ::1
[2025-04-11 21:17:13] INFO: GET /api/questionnaire/check - ::1
[2025-04-12 11:27:26] INFO: GET /api/questionnaire/reminder - ::1
[2025-04-12 11:27:26] INFO: GET /api/questionnaire/check - ::1
[2025-04-12 11:27:26] INFO: GET /api/questionnaire/reminder - ::1
[2025-04-12 11:27:26] INFO: GET /api/questionnaire/check - ::1
[2025-04-12 11:27:28] INFO: GET /api/users/featured - ::1
[2025-04-12 11:27:29] INFO: GET /api/properties - ::1
[2025-04-12 11:27:29] INFO: GET /api/questionnaire/check - ::1
[2025-04-12 11:27:29] INFO: GET /api/users/featured - ::1
[2025-04-12 11:27:29] INFO: GET /api/properties - ::1
[2025-04-12 11:27:29] INFO: GET /api/questionnaire/check - ::1
[2025-04-12 12:08:54] INFO: GET /api/questionnaire/check - ::1
[2025-04-12 12:08:54] INFO: GET /api/questionnaire/check - ::1
[2025-04-12 12:51:33] INFO: POST /api/auth/login - ::1
[2025-04-12 12:51:33] WARN: Failed login attempt for non-existent user: admin@example.com
[2025-04-12 12:51:34] INFO: POST /api/auth/login - ::1
[2025-04-12 12:51:34] WARN: Failed login attempt for non-existent user: admin@example.com
[2025-04-12 12:51:35] INFO: POST /api/auth/login - ::1
[2025-04-12 12:51:35] WARN: Failed login attempt for non-existent user: admin@example.com
[2025-04-12 13:17:04] INFO: POST /api/auth/login - ::1
[2025-04-12 13:17:04] WARN: Failed login attempt for: admin@example.com
[2025-04-12 13:17:05] INFO: POST /api/auth/login - ::1
[2025-04-12 13:17:06] WARN: Failed login attempt for: admin@example.com
[2025-04-12 13:17:06] INFO: POST /api/auth/login - ::1
[2025-04-12 13:17:06] WARN: Failed login attempt for: admin@example.com
[2025-04-12 13:17:06] INFO: POST /api/auth/login - ::1
[2025-04-12 13:17:06] WARN: Failed login attempt for: admin@example.com
[2025-04-12 13:17:06] INFO: POST /api/auth/login - ::1
[2025-04-12 13:17:06] WARN: Failed login attempt for: admin@example.com
[2025-04-12 13:17:06] INFO: POST /api/auth/login - ::1
[2025-04-12 13:17:06] INFO: POST /api/auth/login - ::1
[2025-04-12 13:17:07] INFO: POST /api/auth/login - ::1
[2025-04-12 13:17:07] INFO: POST /api/auth/login - ::1
[2025-04-13 08:44:28] INFO: GET /api/admin/agents/pending - ::1
[2025-04-13 08:45:21] INFO: GET /api/admin/agents/pending - ::1
[2025-04-13 09:06:58] INFO: GET /api/admin/agents/pending - ::1
[2025-04-13 09:09:00] INFO: GET /api/admin/agents/pending - ::1
[2025-04-13 09:09:39] INFO: GET /api/admin/agents/pending - ::1
[2025-04-13 09:10:05] INFO: GET /api/admin/agents/pending - ::1
[2025-04-13 09:15:23] INFO: GET /api/admin/agents/pending - ::1
[2025-04-13 09:19:36] INFO: GET /api/admin/agents/pending - ::1
[2025-04-13 09:51:26] INFO: GET /api/admin/agents/pending - ::1
[2025-04-13 09:51:26] INFO: GET /favicon.ico - ::1
[2025-04-13 09:53:37] INFO: GET /api/admin/agents/pending - ::1
[2025-04-13 11:04:05] INFO: GET /api/admin/agents/pending - ::1
[2025-04-13 11:12:52] INFO: GET /api/admin/stats - ::1
[2025-04-13 11:29:02] INFO: POST /api/auth/login - ::1
[2025-04-13 11:29:02] WARN: Failed login attempt for: admin@example.com
[2025-04-13 11:33:04] INFO: POST /api/auth/login - ::1
[2025-04-13 11:33:04] WARN: Failed login attempt for: admin@example.com
[2025-04-13 11:33:05] INFO: POST /api/auth/login - ::1
[2025-04-13 11:33:05] WARN: Failed login attempt for: admin@example.com
[2025-04-13 11:33:05] INFO: POST /api/auth/login - ::1
[2025-04-13 11:33:05] WARN: Failed login attempt for: admin@example.com
[2025-04-13 11:33:05] INFO: POST /api/auth/login - ::1
[2025-04-13 11:33:05] WARN: Failed login attempt for: admin@example.com
[2025-04-13 11:33:05] INFO: POST /api/auth/login - ::1
[2025-04-13 11:35:58] INFO: GET /api/admin/stats - ::1
[2025-04-13 11:36:33] INFO: POST /api/auth/login - ::1
[2025-04-13 11:36:35] INFO: POST /api/auth/login - ::1
[2025-04-13 11:36:45] INFO: POST /api/auth/login - ::1
[2025-04-13 11:37:01] INFO: POST /api/auth/login - ::1
[2025-04-13 11:37:01] WARN: Failed login attempt for: admin@example.com
[2025-04-13 11:37:19] INFO: POST /api/auth/login - ::1
[2025-04-13 11:37:19] WARN: Failed login attempt for: admin@example.com
[2025-04-13 11:40:14] INFO: POST /api/auth/login - ::1
[2025-04-13 11:40:14] WARN: Failed login attempt for: admin@example.com
[2025-04-13 11:47:48] INFO: POST /api/auth/login - ::1
[2025-04-13 11:49:13] INFO: GET /api/admin/agents/pending - ::1
[2025-04-13 11:49:13] INFO: GET /api/admin/agents/pending - ::1
[2025-04-13 11:49:22] INFO: GET /api/admin/agents/pending - ::1
[2025-04-13 11:49:22] INFO: GET /api/admin/agents/pending - ::1
[2025-04-13 11:53:01] INFO: GET /api/admin/stats - ::1
[2025-04-13 11:58:46] INFO: GET /api/admin/agents/pending - ::1
[2025-04-13 11:59:22] INFO: GET /api/admin/agents/pending - ::1
[2025-04-13 11:59:22] INFO: GET /api/admin/agents/pending - ::1
[2025-04-13 12:02:36] INFO: GET /api/admin/agents/pending - ::1
[2025-04-13 12:02:37] INFO: GET /api/admin/agents/pending - ::1
[2025-04-13 12:06:13] INFO: GET /api/admin/stats - ::1
[2025-04-13 12:07:10] INFO: GET /api/admin/stats - ::1
[2025-04-13 12:15:56] INFO: GET /api/admin/agents/pending - ::1
[2025-04-13 12:15:56] INFO: GET /api/admin/agents/pending - ::1
[2025-04-13 13:35:38] INFO: GET /api/admin/stats - ::1
[2025-04-13 13:35:38] INFO: GET /api/admin/stats - ::1
[2025-04-13 13:35:38] INFO: GET /api/admin/stats - ::1
[2025-04-13 13:35:38] INFO: GET /api/admin/stats - ::1
[2025-04-13 13:35:38] INFO: GET /api/admin/stats - ::1
[2025-04-13 13:35:38] INFO: GET /api/admin/stats - ::1
[2025-04-13 13:35:38] INFO: GET /api/admin/stats - ::1
[2025-04-13 13:35:38] INFO: GET /api/admin/stats - ::1
[2025-04-13 13:35:38] INFO: GET /api/admin/stats - ::1
[2025-04-13 13:35:38] INFO: GET /api/admin/stats - ::1
[2025-04-13 13:35:38] INFO: GET /api/admin/stats - ::1
[2025-04-13 13:35:38] INFO: GET /api/admin/stats - ::1
[2025-04-13 13:35:38] INFO: GET /api/admin/stats - ::1
[2025-04-13 13:35:38] INFO: GET /api/admin/stats - ::1
[2025-04-13 13:35:38] INFO: GET /api/admin/stats - ::1
[2025-04-13 13:35:38] INFO: GET /api/admin/stats - ::1
[2025-04-13 13:35:38] INFO: GET /api/admin/stats - ::1
[2025-04-13 13:35:38] INFO: GET /api/admin/stats - ::1
[2025-04-13 13:35:38] INFO: GET /api/admin/stats - ::1
[2025-04-13 13:35:38] INFO: GET /api/admin/stats - ::1
[2025-04-13 13:35:38] INFO: GET /api/admin/stats - ::1
[2025-04-13 13:35:38] INFO: GET /api/admin/stats - ::1
[2025-04-13 13:35:38] INFO: GET /api/admin/stats - ::1
[2025-04-13 13:35:38] INFO: GET /api/admin/stats - ::1
[2025-04-13 13:35:38] INFO: GET /api/admin/stats - ::1
[2025-04-13 13:35:38] INFO: GET /api/admin/stats - ::1
[2025-04-13 13:35:38] INFO: GET /api/admin/stats - ::1
[2025-04-13 13:35:38] INFO: GET /api/admin/stats - ::1
[2025-04-13 13:35:38] INFO: GET /api/admin/stats - ::1
[2025-04-13 13:35:38] INFO: GET /api/admin/stats - ::1
[2025-04-13 13:35:38] INFO: GET /api/admin/stats - ::1
[2025-04-13 13:35:38] INFO: GET /api/admin/stats - ::1
[2025-04-13 13:35:38] INFO: GET /api/admin/stats - ::1
[2025-04-13 13:35:38] INFO: GET /api/admin/stats - ::1
[2025-04-13 13:35:38] INFO: GET /api/admin/stats - ::1
[2025-04-13 13:35:38] INFO: GET /api/admin/stats - ::1
[2025-04-13 13:35:38] INFO: GET /api/admin/stats - ::1
[2025-04-13 13:35:38] INFO: GET /api/admin/stats - ::1
[2025-04-13 13:35:38] INFO: GET /api/admin/stats - ::1
[2025-04-13 13:35:38] INFO: GET /api/admin/stats - ::1
[2025-04-13 13:35:38] INFO: GET /api/admin/stats - ::1
[2025-04-13 13:35:38] INFO: GET /api/admin/stats - ::1
[2025-04-13 13:35:38] INFO: GET /api/admin/stats - ::1
[2025-04-13 13:35:38] INFO: GET /api/admin/stats - ::1
[2025-04-13 13:35:38] INFO: GET /api/admin/stats - ::1
[2025-04-13 13:35:38] INFO: GET /api/admin/stats - ::1
[2025-04-13 13:35:38] INFO: GET /api/admin/stats - ::1
[2025-04-13 13:35:38] INFO: GET /api/admin/stats - ::1
[2025-04-13 13:35:38] INFO: GET /api/admin/stats - ::1
[2025-04-13 13:35:38] INFO: GET /api/admin/stats - ::1
[2025-04-13 13:35:38] INFO: GET /api/admin/stats - ::1
[2025-04-13 13:35:38] INFO: GET /api/admin/stats - ::1
[2025-04-13 13:35:38] INFO: GET /api/admin/stats - ::1
[2025-04-13 13:35:38] INFO: GET /api/admin/stats - ::1
[2025-04-13 13:35:38] INFO: GET /api/admin/stats - ::1
[2025-04-13 13:35:38] INFO: GET /api/admin/stats - ::1
[2025-04-13 13:35:38] INFO: GET /api/admin/stats - ::1
[2025-04-13 13:35:38] INFO: GET /api/admin/stats - ::1
[2025-04-13 13:35:38] INFO: GET /api/admin/stats - ::1
[2025-04-13 13:35:38] INFO: GET /api/admin/stats - ::1
[2025-04-13 13:35:38] INFO: GET /api/admin/stats - ::1
[2025-04-13 13:35:38] INFO: GET /api/admin/stats - ::1
[2025-04-13 13:35:38] INFO: GET /api/admin/stats - ::1
[2025-04-13 13:35:38] INFO: GET /api/admin/stats - ::1
[2025-04-13 13:35:38] INFO: GET /api/admin/stats - ::1
[2025-04-13 13:35:38] INFO: GET /api/admin/stats - ::1
[2025-04-13 13:35:38] INFO: GET /api/admin/stats - ::1
[2025-04-13 13:35:38] INFO: GET /api/admin/stats - ::1
[2025-04-13 13:35:38] INFO: GET /api/admin/stats - ::1
[2025-04-13 13:35:38] INFO: GET /api/admin/stats - ::1
[2025-04-13 13:35:38] INFO: GET /api/admin/stats - ::1
[2025-04-13 13:35:38] INFO: GET /api/admin/stats - ::1
[2025-04-13 13:35:38] INFO: GET /api/admin/stats - ::1
[2025-04-13 13:35:38] INFO: GET /api/admin/stats - ::1
[2025-04-13 13:35:38] INFO: GET /api/admin/stats - ::1
[2025-04-13 13:35:38] INFO: GET /api/admin/stats - ::1
[2025-04-13 13:35:38] INFO: GET /api/admin/stats - ::1
[2025-04-13 13:35:38] INFO: GET /api/admin/stats - ::1
[2025-04-13 13:35:38] INFO: GET /api/admin/stats - ::1
[2025-04-13 13:35:38] INFO: GET /api/admin/stats - ::1
[2025-04-13 13:35:38] INFO: GET /api/admin/stats - ::1
[2025-04-13 13:35:38] INFO: GET /api/admin/stats - ::1
[2025-04-13 13:35:38] INFO: GET /api/admin/stats - ::1
[2025-04-13 13:35:38] INFO: GET /api/admin/stats - ::1
[2025-04-13 13:35:38] INFO: GET /api/admin/stats - ::1
[2025-04-13 13:35:38] INFO: GET /api/admin/stats - ::1
[2025-04-13 13:35:38] INFO: GET /api/admin/stats - ::1
[2025-04-13 13:35:38] INFO: GET /api/admin/stats - ::1
[2025-04-13 13:35:38] INFO: GET /api/admin/stats - ::1
[2025-04-13 13:35:38] INFO: GET /api/admin/stats - ::1
[2025-04-13 13:35:38] INFO: GET /api/admin/stats - ::1
[2025-04-13 13:35:38] INFO: GET /api/admin/stats - ::1
[2025-04-13 13:35:38] INFO: GET /api/admin/stats - ::1
[2025-04-13 13:35:38] INFO: GET /api/admin/stats - ::1
[2025-04-13 13:35:38] INFO: GET /api/admin/stats - ::1
[2025-04-13 13:35:38] INFO: GET /api/admin/stats - ::1
[2025-04-13 13:35:38] INFO: GET /api/admin/stats - ::1
[2025-04-13 13:35:38] INFO: GET /api/admin/stats - ::1
[2025-04-13 13:35:38] INFO: GET /api/admin/stats - ::1
[2025-04-13 13:35:38] INFO: GET /api/admin/stats - ::1
[2025-04-13 13:37:42] INFO: GET /api/admin/stats - ::1
[2025-04-13 13:37:42] INFO: GET /api/admin/stats - ::1
[2025-04-13 13:38:06] INFO: GET /api/admin/stats - ::1
[2025-04-13 13:38:06] INFO: GET /api/admin/stats - ::1
[2025-04-13 13:38:06] INFO: GET /api/admin/stats - ::1
[2025-04-13 13:38:06] INFO: GET /api/admin/stats - ::1
[2025-04-13 13:38:06] INFO: GET /api/admin/stats - ::1
[2025-04-13 13:38:06] INFO: GET /api/admin/stats - ::1
[2025-04-13 13:38:06] INFO: GET /api/admin/stats - ::1
[2025-04-13 13:38:06] INFO: GET /api/admin/stats - ::1
[2025-04-13 13:38:06] INFO: GET /api/admin/stats - ::1
[2025-04-13 13:38:06] INFO: GET /api/admin/stats - ::1
[2025-04-13 13:38:06] INFO: GET /api/admin/stats - ::1
[2025-04-13 13:38:06] INFO: GET /api/admin/stats - ::1
[2025-04-13 13:38:06] INFO: GET /api/admin/stats - ::1
[2025-04-13 13:38:06] INFO: GET /api/admin/stats - ::1
[2025-04-13 13:38:06] INFO: GET /api/admin/stats - ::1
[2025-04-13 13:38:06] INFO: GET /api/admin/stats - ::1
[2025-04-13 13:38:06] INFO: GET /api/admin/stats - ::1
[2025-04-13 13:38:06] INFO: GET /api/admin/stats - ::1
[2025-04-13 13:38:06] INFO: GET /api/admin/stats - ::1
[2025-04-13 13:38:06] INFO: GET /api/admin/stats - ::1
[2025-04-13 13:38:06] INFO: GET /api/admin/stats - ::1
[2025-04-13 13:38:06] INFO: GET /api/admin/stats - ::1
[2025-04-13 13:38:06] INFO: GET /api/admin/stats - ::1
[2025-04-13 13:38:06] INFO: GET /api/admin/stats - ::1
[2025-04-13 13:38:06] INFO: GET /api/admin/stats - ::1
[2025-04-13 13:38:06] INFO: GET /api/admin/stats - ::1
[2025-04-13 13:38:06] INFO: GET /api/admin/stats - ::1
[2025-04-13 13:38:06] INFO: GET /api/admin/stats - ::1
[2025-04-13 13:38:06] INFO: GET /api/admin/stats - ::1
[2025-04-13 13:38:06] INFO: GET /api/admin/stats - ::1
[2025-04-13 13:38:06] INFO: GET /api/admin/stats - ::1
[2025-04-13 13:38:06] INFO: GET /api/admin/stats - ::1
[2025-04-13 13:38:06] INFO: GET /api/admin/stats - ::1
[2025-04-13 13:38:06] INFO: GET /api/admin/stats - ::1
[2025-04-13 13:38:06] INFO: GET /api/admin/stats - ::1
[2025-04-13 13:38:06] INFO: GET /api/admin/stats - ::1
[2025-04-13 13:38:06] INFO: GET /api/admin/stats - ::1
[2025-04-13 13:38:06] INFO: GET /api/admin/stats - ::1
[2025-04-13 13:38:06] INFO: GET /api/admin/stats - ::1
[2025-04-13 13:38:06] INFO: GET /api/admin/stats - ::1
[2025-04-13 13:38:06] INFO: GET /api/admin/stats - ::1
[2025-04-13 13:38:06] INFO: GET /api/admin/stats - ::1
[2025-04-13 13:38:06] INFO: GET /api/admin/stats - ::1
[2025-04-13 13:38:06] INFO: GET /api/admin/stats - ::1
[2025-04-13 13:38:06] INFO: GET /api/admin/stats - ::1
[2025-04-13 13:38:06] INFO: GET /api/admin/stats - ::1
[2025-04-13 13:38:06] INFO: GET /api/admin/stats - ::1
[2025-04-13 13:38:06] INFO: GET /api/admin/stats - ::1
[2025-04-13 13:38:06] INFO: GET /api/admin/stats - ::1
[2025-04-13 13:38:06] INFO: GET /api/admin/stats - ::1
[2025-04-13 13:38:06] INFO: GET /api/admin/stats - ::1
[2025-04-13 13:38:06] INFO: GET /api/admin/stats - ::1
[2025-04-13 13:38:06] INFO: GET /api/admin/stats - ::1
[2025-04-13 13:38:06] INFO: GET /api/admin/stats - ::1
[2025-04-13 13:38:06] INFO: GET /api/admin/stats - ::1
[2025-04-13 13:38:06] INFO: GET /api/admin/stats - ::1
[2025-04-13 13:38:06] INFO: GET /api/admin/stats - ::1
[2025-04-13 13:38:06] INFO: GET /api/admin/stats - ::1
[2025-04-13 13:38:06] INFO: GET /api/admin/stats - ::1
[2025-04-13 13:38:06] INFO: GET /api/admin/stats - ::1
[2025-04-13 13:38:06] INFO: GET /api/admin/stats - ::1
[2025-04-13 13:38:06] INFO: GET /api/admin/stats - ::1
[2025-04-13 13:38:06] INFO: GET /api/admin/stats - ::1
[2025-04-13 13:38:06] INFO: GET /api/admin/stats - ::1
[2025-04-13 13:38:06] INFO: GET /api/admin/stats - ::1
[2025-04-13 13:38:06] INFO: GET /api/admin/stats - ::1
[2025-04-13 13:38:06] INFO: GET /api/admin/stats - ::1
[2025-04-13 13:38:06] INFO: GET /api/admin/stats - ::1
[2025-04-13 13:38:06] INFO: GET /api/admin/stats - ::1
[2025-04-13 13:38:06] INFO: GET /api/admin/stats - ::1
[2025-04-13 13:38:06] INFO: GET /api/admin/stats - ::1
[2025-04-13 13:38:06] INFO: GET /api/admin/stats - ::1
[2025-04-13 13:38:06] INFO: GET /api/admin/stats - ::1
[2025-04-13 13:38:06] INFO: GET /api/admin/stats - ::1
[2025-04-13 13:38:06] INFO: GET /api/admin/stats - ::1
[2025-04-13 13:38:06] INFO: GET /api/admin/stats - ::1
[2025-04-13 13:38:06] INFO: GET /api/admin/stats - ::1
[2025-04-13 13:38:06] INFO: GET /api/admin/stats - ::1
[2025-04-13 13:38:06] INFO: GET /api/admin/stats - ::1
[2025-04-13 13:38:06] INFO: GET /api/admin/stats - ::1
[2025-04-13 13:38:06] INFO: GET /api/admin/stats - ::1
[2025-04-13 13:38:06] INFO: GET /api/admin/stats - ::1
[2025-04-13 13:38:06] INFO: GET /api/admin/stats - ::1
[2025-04-13 13:38:06] INFO: GET /api/admin/stats - ::1
[2025-04-13 13:38:06] INFO: GET /api/admin/stats - ::1
[2025-04-13 13:38:06] INFO: GET /api/admin/stats - ::1
[2025-04-13 13:38:06] INFO: GET /api/admin/stats - ::1
[2025-04-13 13:38:06] INFO: GET /api/admin/stats - ::1
[2025-04-13 13:38:06] INFO: GET /api/admin/stats - ::1
[2025-04-13 13:38:06] INFO: GET /api/admin/stats - ::1
[2025-04-13 13:38:06] INFO: GET /api/admin/stats - ::1
[2025-04-13 13:38:06] INFO: GET /api/admin/stats - ::1
[2025-04-13 13:38:06] INFO: GET /api/admin/stats - ::1
[2025-04-13 13:38:06] INFO: GET /api/admin/stats - ::1
[2025-04-13 13:38:06] INFO: GET /api/admin/stats - ::1
[2025-04-13 13:38:06] INFO: GET /api/admin/stats - ::1
[2025-04-13 13:38:06] INFO: GET /api/admin/stats - ::1
[2025-04-13 13:38:06] INFO: GET /api/admin/stats - ::1
[2025-04-13 13:41:28] INFO: GET /api/admin/stats - ::1
[2025-04-13 13:41:28] INFO: GET /api/admin/stats - ::1
[2025-04-13 13:41:28] INFO: GET /api/admin/stats - ::1
[2025-04-13 13:41:28] INFO: GET /api/admin/stats - ::1
[2025-04-13 13:41:28] INFO: GET /api/admin/stats - ::1
[2025-04-13 13:41:28] INFO: GET /api/admin/stats - ::1
[2025-04-13 13:41:28] INFO: GET /api/admin/stats - ::1
[2025-04-13 13:41:28] INFO: GET /api/admin/stats - ::1
[2025-04-13 13:41:28] INFO: GET /api/admin/stats - ::1
[2025-04-13 13:41:28] INFO: GET /api/admin/stats - ::1
[2025-04-13 13:41:28] INFO: GET /api/admin/stats - ::1
[2025-04-13 13:41:28] INFO: GET /api/admin/stats - ::1
[2025-04-13 13:41:28] INFO: GET /api/admin/stats - ::1
[2025-04-13 13:41:28] INFO: GET /api/admin/stats - ::1
[2025-04-13 13:41:28] INFO: GET /api/admin/stats - ::1
[2025-04-13 13:41:28] INFO: GET /api/admin/stats - ::1
[2025-04-13 13:41:28] INFO: GET /api/admin/stats - ::1
[2025-04-13 13:41:28] INFO: GET /api/admin/stats - ::1
[2025-04-13 13:41:28] INFO: GET /api/admin/stats - ::1
[2025-04-13 13:41:28] INFO: GET /api/admin/stats - ::1
[2025-04-13 13:41:28] INFO: GET /api/admin/stats - ::1
[2025-04-13 13:41:28] INFO: GET /api/admin/stats - ::1
[2025-04-13 13:41:28] INFO: GET /api/admin/stats - ::1
[2025-04-13 13:41:28] INFO: GET /api/admin/stats - ::1
[2025-04-13 13:41:28] INFO: GET /api/admin/stats - ::1
[2025-04-13 13:41:28] INFO: GET /api/admin/stats - ::1
[2025-04-13 13:41:28] INFO: GET /api/admin/stats - ::1
[2025-04-13 13:41:28] INFO: GET /api/admin/stats - ::1
[2025-04-13 13:41:28] INFO: GET /api/admin/stats - ::1
[2025-04-13 13:41:28] INFO: GET /api/admin/stats - ::1
[2025-04-13 13:41:28] INFO: GET /api/admin/stats - ::1
[2025-04-13 13:41:28] INFO: GET /api/admin/stats - ::1
[2025-04-13 13:41:28] INFO: GET /api/admin/stats - ::1
[2025-04-13 13:41:28] INFO: GET /api/admin/stats - ::1
[2025-04-13 13:41:28] INFO: GET /api/admin/stats - ::1
[2025-04-13 13:41:28] INFO: GET /api/admin/stats - ::1
[2025-04-13 13:41:28] INFO: GET /api/admin/stats - ::1
[2025-04-13 13:41:28] INFO: GET /api/admin/stats - ::1
[2025-04-13 13:41:28] INFO: GET /api/admin/stats - ::1
[2025-04-13 13:41:28] INFO: GET /api/admin/stats - ::1
[2025-04-13 13:41:28] INFO: GET /api/admin/stats - ::1
[2025-04-13 13:41:28] INFO: GET /api/admin/stats - ::1
[2025-04-13 13:41:28] INFO: GET /api/admin/stats - ::1
[2025-04-13 13:41:28] INFO: GET /api/admin/stats - ::1
[2025-04-13 13:41:28] INFO: GET /api/admin/stats - ::1
[2025-04-13 13:41:28] INFO: GET /api/admin/stats - ::1
[2025-04-13 13:41:28] INFO: GET /api/admin/stats - ::1
[2025-04-13 13:41:28] INFO: GET /api/admin/stats - ::1
[2025-04-13 13:41:28] INFO: GET /api/admin/stats - ::1
[2025-04-13 13:41:28] INFO: GET /api/admin/stats - ::1
[2025-04-13 13:41:28] INFO: GET /api/admin/stats - ::1
[2025-04-13 13:41:28] INFO: GET /api/admin/stats - ::1
[2025-04-13 13:41:28] INFO: GET /api/admin/stats - ::1
[2025-04-13 13:41:28] INFO: GET /api/admin/stats - ::1
[2025-04-13 13:41:28] INFO: GET /api/admin/stats - ::1
[2025-04-13 13:41:28] INFO: GET /api/admin/stats - ::1
[2025-04-13 13:41:28] INFO: GET /api/admin/stats - ::1
[2025-04-13 13:41:28] INFO: GET /api/admin/stats - ::1
[2025-04-13 13:41:28] INFO: GET /api/admin/stats - ::1
[2025-04-13 13:41:28] INFO: GET /api/admin/stats - ::1
[2025-04-13 13:41:28] INFO: GET /api/admin/stats - ::1
[2025-04-13 13:41:28] INFO: GET /api/admin/stats - ::1
[2025-04-13 13:41:28] INFO: GET /api/admin/stats - ::1
[2025-04-13 13:41:28] INFO: GET /api/admin/stats - ::1
[2025-04-13 13:41:28] INFO: GET /api/admin/stats - ::1
[2025-04-13 13:41:28] INFO: GET /api/admin/stats - ::1
[2025-04-13 13:41:28] INFO: GET /api/admin/stats - ::1
[2025-04-13 13:41:29] INFO: GET /api/admin/stats - ::1
[2025-04-13 13:41:29] INFO: GET /api/admin/stats - ::1
[2025-04-13 13:41:29] INFO: GET /api/admin/stats - ::1
[2025-04-13 13:41:29] INFO: GET /api/admin/stats - ::1
[2025-04-13 13:41:29] INFO: GET /api/admin/stats - ::1
[2025-04-13 13:41:29] INFO: GET /api/admin/stats - ::1
[2025-04-13 13:41:29] INFO: GET /api/admin/stats - ::1
[2025-04-13 13:41:29] INFO: GET /api/admin/stats - ::1
[2025-04-13 13:41:29] INFO: GET /api/admin/stats - ::1
[2025-04-13 13:41:29] INFO: GET /api/admin/stats - ::1
[2025-04-13 13:41:29] INFO: GET /api/admin/stats - ::1
[2025-04-13 13:41:29] INFO: GET /api/admin/stats - ::1
[2025-04-13 13:41:29] INFO: GET /api/admin/stats - ::1
[2025-04-13 13:41:29] INFO: GET /api/admin/stats - ::1
[2025-04-13 13:41:29] INFO: GET /api/admin/stats - ::1
[2025-04-13 13:41:29] INFO: GET /api/admin/stats - ::1
[2025-04-13 13:41:29] INFO: GET /api/admin/stats - ::1
[2025-04-13 13:41:29] INFO: GET /api/admin/stats - ::1
[2025-04-13 13:41:29] INFO: GET /api/admin/stats - ::1
[2025-04-13 13:41:29] INFO: GET /api/admin/stats - ::1
[2025-04-13 13:41:29] INFO: GET /api/admin/stats - ::1
[2025-04-13 13:41:29] INFO: GET /api/admin/stats - ::1
[2025-04-13 13:41:29] INFO: GET /api/admin/stats - ::1
[2025-04-13 13:41:29] INFO: GET /api/admin/stats - ::1
[2025-04-13 13:41:29] INFO: GET /api/admin/stats - ::1
[2025-04-13 13:41:29] INFO: GET /api/admin/stats - ::1
[2025-04-13 13:41:29] INFO: GET /api/admin/stats - ::1
[2025-04-13 13:41:29] INFO: GET /api/admin/stats - ::1
[2025-04-13 13:41:29] INFO: GET /api/admin/stats - ::1
[2025-04-13 13:41:29] INFO: GET /api/admin/stats - ::1
[2025-04-13 13:41:29] INFO: GET /api/admin/stats - ::1
[2025-04-13 13:41:29] INFO: GET /api/admin/stats - ::1
[2025-04-13 13:41:29] INFO: GET /api/admin/stats - ::1
[2025-04-13 13:43:02] INFO: GET /api/admin/stats - ::1
[2025-04-13 13:43:02] INFO: GET /api/admin/stats - ::1
[2025-04-13 13:43:02] INFO: GET /api/admin/stats - ::1
[2025-04-13 13:43:02] INFO: GET /api/admin/stats - ::1
[2025-04-13 13:43:02] INFO: GET /api/admin/stats - ::1
[2025-04-13 13:43:02] INFO: GET /api/admin/stats - ::1
[2025-04-13 13:43:02] INFO: GET /api/admin/stats - ::1
[2025-04-13 13:43:02] INFO: GET /api/admin/stats - ::1
[2025-04-13 13:43:02] INFO: GET /api/admin/stats - ::1
[2025-04-13 13:43:02] INFO: GET /api/admin/stats - ::1
[2025-04-13 13:43:02] INFO: GET /api/admin/stats - ::1
[2025-04-13 13:43:02] INFO: GET /api/admin/stats - ::1
[2025-04-13 13:43:02] INFO: GET /api/admin/stats - ::1
[2025-04-13 13:43:02] INFO: GET /api/admin/stats - ::1
[2025-04-13 13:43:02] INFO: GET /api/admin/stats - ::1
[2025-04-13 13:43:02] INFO: GET /api/admin/stats - ::1
[2025-04-13 13:43:02] INFO: GET /api/admin/stats - ::1
[2025-04-13 13:43:02] INFO: GET /api/admin/stats - ::1
[2025-04-13 13:43:02] INFO: GET /api/admin/stats - ::1
[2025-04-13 13:43:02] INFO: GET /api/admin/stats - ::1
[2025-04-13 13:43:02] INFO: GET /api/admin/stats - ::1
[2025-04-13 13:43:02] INFO: GET /api/admin/stats - ::1
[2025-04-13 13:43:02] INFO: GET /api/admin/stats - ::1
[2025-04-13 13:43:02] INFO: GET /api/admin/stats - ::1
[2025-04-13 13:43:02] INFO: GET /api/admin/stats - ::1
[2025-04-13 13:43:02] INFO: GET /api/admin/stats - ::1
[2025-04-13 13:43:02] INFO: GET /api/admin/stats - ::1
[2025-04-13 13:43:02] INFO: GET /api/admin/stats - ::1
[2025-04-13 13:43:02] INFO: GET /api/admin/stats - ::1
[2025-04-13 13:43:02] INFO: GET /api/admin/stats - ::1
[2025-04-13 13:43:02] INFO: GET /api/admin/stats - ::1
[2025-04-13 13:43:02] INFO: GET /api/admin/stats - ::1
[2025-04-13 13:43:02] INFO: GET /api/admin/stats - ::1
[2025-04-13 13:43:02] INFO: GET /api/admin/stats - ::1
[2025-04-13 13:43:02] INFO: GET /api/admin/stats - ::1
[2025-04-13 13:43:02] INFO: GET /api/admin/stats - ::1
[2025-04-13 13:43:02] INFO: GET /api/admin/stats - ::1
[2025-04-13 13:43:02] INFO: GET /api/admin/stats - ::1
[2025-04-13 13:43:02] INFO: GET /api/admin/stats - ::1
[2025-04-13 13:43:02] INFO: GET /api/admin/stats - ::1
[2025-04-13 13:43:02] INFO: GET /api/admin/stats - ::1
[2025-04-13 13:43:02] INFO: GET /api/admin/stats - ::1
[2025-04-13 13:43:02] INFO: GET /api/admin/stats - ::1
[2025-04-13 13:43:02] INFO: GET /api/admin/stats - ::1
[2025-04-13 13:43:02] INFO: GET /api/admin/stats - ::1
[2025-04-13 13:43:02] INFO: GET /api/admin/stats - ::1
[2025-04-13 13:43:02] INFO: GET /api/admin/stats - ::1
[2025-04-13 13:43:02] INFO: GET /api/admin/stats - ::1
[2025-04-13 13:43:02] INFO: GET /api/admin/stats - ::1
[2025-04-13 13:43:02] INFO: GET /api/admin/stats - ::1
[2025-04-13 13:43:02] INFO: GET /api/admin/stats - ::1
[2025-04-13 13:43:02] INFO: GET /api/admin/stats - ::1
[2025-04-13 13:43:02] INFO: GET /api/admin/stats - ::1
[2025-04-13 13:43:02] INFO: GET /api/admin/stats - ::1
[2025-04-13 13:43:02] INFO: GET /api/admin/stats - ::1
[2025-04-13 13:43:02] INFO: GET /api/admin/stats - ::1
[2025-04-13 13:43:02] INFO: GET /api/admin/stats - ::1
[2025-04-13 13:43:02] INFO: GET /api/admin/stats - ::1
[2025-04-13 13:43:02] INFO: GET /api/admin/stats - ::1
[2025-04-13 13:43:02] INFO: GET /api/admin/stats - ::1
[2025-04-13 13:43:02] INFO: GET /api/admin/stats - ::1
[2025-04-13 13:43:02] INFO: GET /api/admin/stats - ::1
[2025-04-13 13:43:02] INFO: GET /api/admin/stats - ::1
[2025-04-13 13:43:02] INFO: GET /api/admin/stats - ::1
[2025-04-13 13:43:02] INFO: GET /api/admin/stats - ::1
[2025-04-13 13:43:02] INFO: GET /api/admin/stats - ::1
[2025-04-13 13:43:02] INFO: GET /api/admin/stats - ::1
[2025-04-13 13:43:02] INFO: GET /api/admin/stats - ::1
[2025-04-13 13:43:02] INFO: GET /api/admin/stats - ::1
[2025-04-13 13:43:02] INFO: GET /api/admin/stats - ::1
[2025-04-13 13:43:02] INFO: GET /api/admin/stats - ::1
[2025-04-13 13:43:02] INFO: GET /api/admin/stats - ::1
[2025-04-13 13:43:02] INFO: GET /api/admin/stats - ::1
[2025-04-13 13:43:02] INFO: GET /api/admin/stats - ::1
[2025-04-13 13:43:02] INFO: GET /api/admin/stats - ::1
[2025-04-13 13:43:02] INFO: GET /api/admin/stats - ::1
[2025-04-13 13:43:02] INFO: GET /api/admin/stats - ::1
[2025-04-13 13:43:02] INFO: GET /api/admin/stats - ::1
[2025-04-13 13:43:02] INFO: GET /api/admin/stats - ::1
[2025-04-13 13:43:02] INFO: GET /api/admin/stats - ::1
[2025-04-13 13:43:02] INFO: GET /api/admin/stats - ::1
[2025-04-13 13:43:02] INFO: GET /api/admin/stats - ::1
[2025-04-13 13:43:02] INFO: GET /api/admin/stats - ::1
[2025-04-13 13:43:02] INFO: GET /api/admin/stats - ::1
[2025-04-13 13:43:02] INFO: GET /api/admin/stats - ::1
[2025-04-13 13:43:02] INFO: GET /api/admin/stats - ::1
[2025-04-13 13:43:02] INFO: GET /api/admin/stats - ::1
[2025-04-13 13:43:02] INFO: GET /api/admin/stats - ::1
[2025-04-13 13:43:02] INFO: GET /api/admin/stats - ::1
[2025-04-13 13:43:02] INFO: GET /api/admin/stats - ::1
[2025-04-13 13:43:02] INFO: GET /api/admin/stats - ::1
[2025-04-13 13:43:02] INFO: GET /api/admin/stats - ::1
[2025-04-13 13:43:02] INFO: GET /api/admin/stats - ::1
[2025-04-13 13:43:02] INFO: GET /api/admin/stats - ::1
[2025-04-13 13:43:02] INFO: GET /api/admin/stats - ::1
[2025-04-13 13:43:02] INFO: GET /api/admin/stats - ::1
[2025-04-13 13:43:02] INFO: GET /api/admin/stats - ::1
[2025-04-13 13:43:02] INFO: GET /api/admin/stats - ::1
[2025-04-13 13:43:02] INFO: GET /api/admin/stats - ::1
[2025-04-13 13:43:02] INFO: GET /api/admin/stats - ::1
[2025-04-13 13:51:25] INFO: GET /api/admin/stats - ::1
[2025-04-13 13:51:25] INFO: GET /api/admin/stats - ::1
[2025-04-13 13:51:25] INFO: GET /api/admin/stats - ::1
[2025-04-13 13:51:25] INFO: GET /api/admin/stats - ::1
[2025-04-13 13:51:25] INFO: GET /api/admin/stats - ::1
[2025-04-13 13:51:25] INFO: GET /api/admin/stats - ::1
[2025-04-13 13:51:25] INFO: GET /api/admin/stats - ::1
[2025-04-13 13:51:25] INFO: GET /api/admin/stats - ::1
[2025-04-13 13:51:25] INFO: GET /api/admin/stats - ::1
[2025-04-13 13:51:25] INFO: GET /api/admin/stats - ::1
[2025-04-13 13:51:25] INFO: GET /api/admin/stats - ::1
[2025-04-13 13:51:25] INFO: GET /api/admin/stats - ::1
[2025-04-13 13:51:25] INFO: GET /api/admin/stats - ::1
[2025-04-13 13:51:25] INFO: GET /api/admin/stats - ::1
[2025-04-13 13:51:25] INFO: GET /api/admin/stats - ::1
[2025-04-13 13:51:25] INFO: GET /api/admin/stats - ::1
[2025-04-13 13:51:25] INFO: GET /api/admin/stats - ::1
[2025-04-13 13:51:25] INFO: GET /api/admin/stats - ::1
[2025-04-13 13:51:25] INFO: GET /api/admin/stats - ::1
[2025-04-13 13:51:25] INFO: GET /api/admin/stats - ::1
[2025-04-13 13:51:25] INFO: GET /api/admin/stats - ::1
[2025-04-13 13:51:25] INFO: GET /api/admin/stats - ::1
[2025-04-13 13:51:25] INFO: GET /api/admin/stats - ::1
[2025-04-13 13:51:25] INFO: GET /api/admin/stats - ::1
[2025-04-13 13:51:25] INFO: GET /api/admin/stats - ::1
[2025-04-13 13:51:25] INFO: GET /api/admin/stats - ::1
[2025-04-13 13:51:25] INFO: GET /api/admin/stats - ::1
[2025-04-13 13:51:25] INFO: GET /api/admin/stats - ::1
[2025-04-13 13:51:25] INFO: GET /api/admin/stats - ::1
[2025-04-13 13:51:25] INFO: GET /api/admin/stats - ::1
[2025-04-13 13:51:25] INFO: GET /api/admin/stats - ::1
[2025-04-13 13:51:25] INFO: GET /api/admin/stats - ::1
[2025-04-13 13:51:25] INFO: GET /api/admin/stats - ::1
[2025-04-13 13:51:25] INFO: GET /api/admin/stats - ::1
[2025-04-13 13:51:25] INFO: GET /api/admin/stats - ::1
[2025-04-13 13:51:25] INFO: GET /api/admin/stats - ::1
[2025-04-13 13:51:25] INFO: GET /api/admin/stats - ::1
[2025-04-13 13:51:25] INFO: GET /api/admin/stats - ::1
[2025-04-13 13:51:25] INFO: GET /api/admin/stats - ::1
[2025-04-13 13:51:25] INFO: GET /api/admin/stats - ::1
[2025-04-13 13:51:25] INFO: GET /api/admin/stats - ::1
[2025-04-13 13:51:25] INFO: GET /api/admin/stats - ::1
[2025-04-13 13:51:25] INFO: GET /api/admin/stats - ::1
[2025-04-13 13:51:25] INFO: GET /api/admin/stats - ::1
[2025-04-13 13:51:25] INFO: GET /api/admin/stats - ::1
[2025-04-13 13:51:25] INFO: GET /api/admin/stats - ::1
[2025-04-13 13:51:25] INFO: GET /api/admin/stats - ::1
[2025-04-13 13:51:25] INFO: GET /api/admin/stats - ::1
[2025-04-13 13:51:25] INFO: GET /api/admin/stats - ::1
[2025-04-13 13:51:25] INFO: GET /api/admin/stats - ::1
[2025-04-13 13:51:25] INFO: GET /api/admin/stats - ::1
[2025-04-13 13:51:25] INFO: GET /api/admin/stats - ::1
[2025-04-13 13:51:25] INFO: GET /api/admin/stats - ::1
[2025-04-13 13:51:25] INFO: GET /api/admin/stats - ::1
[2025-04-13 13:51:25] INFO: GET /api/admin/stats - ::1
[2025-04-13 13:51:25] INFO: GET /api/admin/stats - ::1
[2025-04-13 13:51:25] INFO: GET /api/admin/stats - ::1
[2025-04-13 13:51:25] INFO: GET /api/admin/stats - ::1
[2025-04-13 13:51:25] INFO: GET /api/admin/stats - ::1
[2025-04-13 13:51:25] INFO: GET /api/admin/stats - ::1
[2025-04-13 13:51:25] INFO: GET /api/admin/stats - ::1
[2025-04-13 13:51:25] INFO: GET /api/admin/stats - ::1
[2025-04-13 13:51:25] INFO: GET /api/admin/stats - ::1
[2025-04-13 13:51:25] INFO: GET /api/admin/stats - ::1
[2025-04-13 13:51:25] INFO: GET /api/admin/stats - ::1
[2025-04-13 13:51:25] INFO: GET /api/admin/stats - ::1
[2025-04-13 13:51:25] INFO: GET /api/admin/stats - ::1
[2025-04-13 13:51:25] INFO: GET /api/admin/stats - ::1
[2025-04-13 13:51:25] INFO: GET /api/admin/stats - ::1
[2025-04-13 13:51:25] INFO: GET /api/admin/stats - ::1
[2025-04-13 13:51:25] INFO: GET /api/admin/stats - ::1
[2025-04-13 13:51:25] INFO: GET /api/admin/stats - ::1
[2025-04-13 13:51:25] INFO: GET /api/admin/stats - ::1
[2025-04-13 13:51:25] INFO: GET /api/admin/stats - ::1
[2025-04-13 13:51:25] INFO: GET /api/admin/stats - ::1
[2025-04-13 13:51:25] INFO: GET /api/admin/stats - ::1
[2025-04-13 13:51:25] INFO: GET /api/admin/stats - ::1
[2025-04-13 13:51:25] INFO: GET /api/admin/stats - ::1
[2025-04-13 13:51:25] INFO: GET /api/admin/stats - ::1
[2025-04-13 13:51:25] INFO: GET /api/admin/stats - ::1
[2025-04-13 13:51:25] INFO: GET /api/admin/stats - ::1
[2025-04-13 13:51:25] INFO: GET /api/admin/stats - ::1
[2025-04-13 13:51:25] INFO: GET /api/admin/stats - ::1
[2025-04-13 13:51:25] INFO: GET /api/admin/stats - ::1
[2025-04-13 13:51:25] INFO: GET /api/admin/stats - ::1
[2025-04-13 13:51:25] INFO: GET /api/admin/stats - ::1
[2025-04-13 13:51:25] INFO: GET /api/admin/stats - ::1
[2025-04-13 13:51:25] INFO: GET /api/admin/stats - ::1
[2025-04-13 13:51:25] INFO: GET /api/admin/stats - ::1
[2025-04-13 13:51:25] INFO: GET /api/admin/stats - ::1
[2025-04-13 13:51:25] INFO: GET /api/admin/stats - ::1
[2025-04-13 13:51:25] INFO: GET /api/admin/stats - ::1
[2025-04-13 13:51:25] INFO: GET /api/admin/stats - ::1
[2025-04-13 13:51:25] INFO: GET /api/admin/stats - ::1
[2025-04-13 13:51:25] INFO: GET /api/admin/stats - ::1
[2025-04-13 13:51:25] INFO: GET /api/admin/stats - ::1
[2025-04-13 13:51:25] INFO: GET /api/admin/stats - ::1
[2025-04-13 13:51:25] INFO: GET /api/admin/stats - ::1
[2025-04-13 13:51:25] INFO: GET /api/admin/stats - ::1
[2025-04-13 13:51:25] INFO: GET /api/admin/stats - ::1
[2025-04-13 13:52:32] INFO: GET /api/admin/agents/pending - ::1
[2025-04-13 13:55:41] INFO: GET /api/admin/stats - ::1
[2025-04-13 13:55:41] INFO: GET /api/admin/stats - ::1
[2025-04-13 14:00:27] INFO: GET /api/admin/stats - ::1
[2025-04-13 14:00:27] INFO: GET /api/admin/stats - ::1
[2025-04-13 14:00:36] INFO: GET /api/admin/agents/pending - ::1
[2025-04-13 14:00:36] INFO: GET /api/admin/agents/pending - ::1
[2025-04-13 14:00:37] INFO: GET /api/admin/stats - ::1
[2025-04-13 14:00:37] INFO: GET /api/admin/stats - ::1
[2025-04-13 14:00:46] INFO: GET /api/admin/agents/pending - ::1
[2025-04-13 14:00:46] INFO: GET /api/admin/agents/pending - ::1
[2025-04-13 14:03:34] INFO: GET /api/admin/stats - ::1
[2025-04-13 14:03:34] INFO: GET /api/admin/stats - ::1
[2025-04-13 14:03:40] INFO: GET /api/admin/agents/pending - ::1
[2025-04-13 14:03:40] INFO: GET /api/admin/agents/pending - ::1
[2025-04-13 14:13:19] INFO: GET /api/admin/agents/pending - ::1
[2025-04-13 14:13:21] INFO: GET /api/admin/agents/pending - ::1
[2025-04-13 14:13:22] INFO: GET /api/admin/agents/pending - ::1
[2025-04-13 14:13:24] INFO: GET /api/admin/stats - ::1
[2025-04-13 14:13:24] INFO: GET /api/admin/stats - ::1
[2025-04-13 14:13:24] INFO: GET /api/admin/agents/pending - ::1
[2025-04-13 14:13:24] INFO: GET /api/admin/agents/pending - ::1
[2025-04-13 14:13:26] INFO: GET /api/admin/stats - ::1
[2025-04-13 14:13:26] INFO: GET /api/admin/stats - ::1
[2025-04-13 14:13:26] INFO: GET /api/admin/agents/pending - ::1
[2025-04-13 14:13:26] INFO: GET /api/admin/agents/pending - ::1
[2025-04-13 14:14:09] INFO: GET /api/admin/agents/pending - ::1
[2025-04-13 14:14:10] INFO: GET /api/admin/stats - ::1
[2025-04-13 14:14:10] INFO: GET /api/admin/stats - ::1
[2025-04-13 14:14:11] INFO: GET /api/admin/agents/pending - ::1
[2025-04-13 14:14:11] INFO: GET /api/admin/agents/pending - ::1
[2025-04-13 14:14:12] INFO: GET /api/admin/stats - ::1
[2025-04-13 14:14:12] INFO: GET /api/admin/stats - ::1
[2025-04-13 14:14:12] INFO: GET /api/admin/agents/pending - ::1
[2025-04-13 14:14:12] INFO: GET /api/admin/agents/pending - ::1
[2025-04-13 14:23:41] INFO: GET /api/admin/agents/pending - ::1
[2025-04-13 14:24:03] INFO: PUT /api/admin/agents/3/verify - ::1
[2025-04-13 14:24:04] INFO: PUT /api/admin/agents/3/verify - ::1
[2025-04-13 14:24:05] INFO: PUT /api/admin/agents/2/verify - ::1
[2025-04-13 14:24:10] INFO: PUT /api/admin/agents/3/reject - ::1
[2025-04-13 14:24:16] INFO: PUT /api/admin/agents/7/reject - ::1
[2025-04-13 14:24:18] INFO: PUT /api/admin/agents/2/reject - ::1
[2025-04-13 14:24:25] INFO: GET /api/admin/agents/pending - ::1
[2025-04-13 17:43:04] INFO: GET /api/admin/agents/pending - ::1
[2025-04-13 17:47:36] INFO: GET /api/admin/buyers - ::1
[2025-04-13 18:25:34] INFO: GET /api/admin/buyers - ::1
[2025-04-13 22:10:47] INFO: PUT /api/admin/agents/8/verify - ::1
[2025-04-13 22:10:48] INFO: PUT /api/admin/agents/8/verify - ::1
[2025-04-13 22:10:49] INFO: PUT /api/admin/agents/8/verify - ::1
[2025-04-13 22:10:49] INFO: PUT /api/admin/agents/8/verify - ::1
[2025-04-13 22:10:49] INFO: PUT /api/admin/agents/8/verify - ::1
[2025-04-13 22:10:49] INFO: PUT /api/admin/agents/8/verify - ::1
[2025-04-13 22:10:49] INFO: PUT /api/admin/agents/8/verify - ::1
[2025-04-13 22:10:50] INFO: PUT /api/admin/agents/8/verify - ::1
[2025-04-13 22:10:50] INFO: PUT /api/admin/agents/8/verify - ::1
[2025-04-13 22:10:51] INFO: PUT /api/admin/agents/301/verify - ::1
[2025-04-13 22:10:52] INFO: PUT /api/admin/agents/301/verify - ::1
[2025-04-13 22:10:53] INFO: PUT /api/admin/agents/8/verify - ::1
[2025-04-13 22:11:41] INFO: GET /api/admin/stats - ::1
[2025-04-13 22:11:41] INFO: GET /api/admin/stats - ::1
[2025-04-13 22:11:43] INFO: GET /api/admin/agents/pending - ::1
[2025-04-13 22:11:43] INFO: GET /api/admin/agents/pending - ::1
[2025-04-13 22:11:44] INFO: GET /api/admin/stats - ::1
[2025-04-13 22:11:44] INFO: GET /api/admin/stats - ::1
[2025-04-13 22:11:47] INFO: GET /api/admin/stats - ::1
[2025-04-13 22:11:47] INFO: GET /api/admin/stats - ::1
[2025-04-13 22:11:49] INFO: GET /api/users/featured - ::1
[2025-04-13 22:11:49] INFO: GET /api/properties - ::1
[2025-04-13 22:11:49] INFO: GET /api/users/featured - ::1
[2025-04-13 22:11:49] INFO: GET /api/properties - ::1
[2025-04-13 22:35:32] INFO: GET /api/users/featured - ::1
[2025-04-13 22:35:32] INFO: GET /api/properties - ::1
[2025-04-14 10:57:14] INFO: GET /api/users/featured - ::1
[2025-04-14 10:57:14] INFO: GET /api/properties - ::1
[2025-04-14 10:57:24] INFO: GET /api/admin/stats - ::1
[2025-04-14 10:57:24] INFO: GET /api/admin/stats - ::1
[2025-04-14 12:01:04] INFO: POST /api/auth/login - ::1
[2025-04-14 12:01:04] WARN: Failed login attempt for non-existent user: 
[2025-04-14 12:04:38] INFO: GET /api/users/featured - ::1
[2025-04-14 12:04:38] INFO: GET /api/properties - ::1
[2025-04-14 12:04:38] INFO: GET /api/users/featured - ::1
[2025-04-14 12:04:38] INFO: GET /api/properties - ::1
[2025-04-14 12:10:33] INFO: POST /api/auth/login - ::1
[2025-04-14 12:10:33] INFO: GET /api/admin/stats - ::1
[2025-04-14 12:10:33] INFO: GET /api/admin/stats - ::1
[2025-04-14 12:10:45] INFO: GET /api/admin/agents/pending - ::1
[2025-04-14 12:10:45] INFO: GET /api/admin/agents/pending - ::1
[2025-04-14 12:10:46] INFO: PUT /api/admin/agents/8/verify - ::1
[2025-04-14 12:11:12] INFO: PUT /api/admin/agents/8/verify - ::1
[2025-04-14 12:11:17] INFO: PUT /api/admin/agents/8/verify - ::1
[2025-04-14 12:16:34] INFO: GET /api/admin/agents/pending - ::1
[2025-04-14 12:17:07] INFO: PUT /api/admin/agents/8/verify - ::1
[2025-04-14 12:17:12] INFO: PUT /api/admin/agents/8/verify - ::1
[2025-04-14 12:36:08] INFO: PUT /api/admin/agents/8/verify - ::1
[2025-04-14 12:36:10] INFO: PUT /api/admin/agents/8/verify - ::1
[2025-04-14 12:36:11] INFO: PUT /api/admin/agents/8/verify - ::1
[2025-04-14 12:36:11] INFO: PUT /api/admin/agents/8/verify - ::1
[2025-04-14 12:36:11] INFO: PUT /api/admin/agents/8/verify - ::1
[2025-04-14 12:40:03] INFO: PUT /api/admin/agents/8/verify - ::1
[2025-04-14 12:40:10] INFO: GET /api/admin/agents/pending - ::1
[2025-04-14 12:40:11] INFO: PUT /api/admin/agents/8/verify - ::1
[2025-04-14 12:44:50] INFO: PUT /api/admin/agents/8/verify - ::1
[2025-04-14 12:59:47] INFO: GET /api/users/featured - ::1
[2025-04-14 12:59:47] INFO: GET /api/properties - ::1
[2025-04-14 12:59:47] INFO: GET /api/users/featured - ::1
[2025-04-14 12:59:47] INFO: GET /api/properties - ::1
[2025-04-14 13:00:02] INFO: GET /api/admin/stats - ::1
[2025-04-14 13:00:02] INFO: GET /api/admin/stats - ::1
[2025-04-14 17:06:34] INFO: POST /api/auth/login - ::1
[2025-04-14 17:06:34] WARN: Failed login attempt for non-existent user: admin@example.som
[2025-04-14 17:06:39] INFO: POST /api/auth/login - ::1
[2025-04-14 17:06:39] WARN: Failed login attempt for non-existent user: admin@example.som
[2025-04-14 17:06:41] INFO: POST /api/auth/login - ::1
[2025-04-14 17:06:41] WARN: Failed login attempt for non-existent user: admin@example.som
[2025-04-14 17:06:46] INFO: POST /api/auth/login - ::1
[2025-04-14 17:06:47] INFO: GET /api/admin/stats - ::1
[2025-04-14 17:06:47] INFO: GET /api/admin/stats - ::1
[2025-04-14 17:07:27] INFO: GET /api/admin/stats - ::1
[2025-04-14 17:07:27] INFO: GET /api/admin/stats - ::1
[2025-04-14 17:07:28] INFO: GET /api/admin/users?role=buyer - ::1
[2025-04-14 17:07:28] INFO: GET /api/admin/users?role=buyer - ::1
[2025-04-14 17:07:31] INFO: GET /api/admin/stats - ::1
[2025-04-14 17:07:31] INFO: GET /api/admin/stats - ::1
[2025-04-14 17:53:30] INFO: GET /api/admin/buyers - ::1
[2025-04-14 17:53:30] INFO: GET /api/admin/buyers - ::1
[2025-04-15 10:10:26] INFO: GET /api/admin/buyers - ::1
[2025-04-15 10:33:21] INFO: GET /api/admin/buyers - ::1
[2025-04-15 11:10:03] INFO: GET /api/admin/buyers - ::1
[2025-04-15 11:10:14] INFO: GET /api/admin/buyers - ::1
[2025-04-15 11:43:14] INFO: GET /api/admin/stats - ::1
[2025-04-15 11:43:14] INFO: GET /api/admin/stats - ::1
[2025-04-15 11:43:16] INFO: GET /api/admin/agents/pending - ::1
[2025-04-15 11:43:16] INFO: GET /api/admin/agents/pending - ::1
[2025-04-15 11:46:36] INFO: GET /api/admin/stats - ::1
[2025-04-15 11:46:36] INFO: GET /api/admin/stats - ::1
[2025-04-15 11:46:37] INFO: GET /api/admin/agents/pending - ::1
[2025-04-15 11:46:37] INFO: GET /api/admin/agents/pending - ::1
[2025-04-15 11:46:39] INFO: GET /api/admin/stats - ::1
[2025-04-15 11:46:39] INFO: GET /api/admin/stats - ::1
[2025-04-15 11:58:22] INFO: GET /api/admin/agents/pending - ::1
[2025-04-15 11:58:22] INFO: GET /api/admin/agents/pending - ::1
[2025-04-15 11:58:28] INFO: GET /api/admin/stats - ::1
[2025-04-15 11:58:28] INFO: GET /api/admin/stats - ::1
[2025-04-15 12:01:34] INFO: GET /api/admin/agents - ::1
[2025-04-15 12:01:34] INFO: GET /api/admin/agents - ::1
[2025-04-15 12:01:36] INFO: GET /api/admin/agents - ::1
[2025-04-15 12:01:36] INFO: GET /api/admin/agents - ::1
[2025-04-15 12:01:43] INFO: GET /api/admin/stats - ::1
[2025-04-15 12:01:43] INFO: GET /api/admin/stats - ::1
[2025-04-15 12:06:43] INFO: GET /api/admin/agents - ::1
[2025-04-15 12:06:43] INFO: GET /api/admin/agents - ::1
[2025-04-15 12:06:45] INFO: GET /api/admin/agents - ::1
[2025-04-15 12:06:45] INFO: GET /api/admin/agents - ::1
[2025-04-15 12:06:47] INFO: GET /api/admin/agents - ::1
[2025-04-15 12:06:47] INFO: GET /api/admin/agents - ::1
[2025-04-15 12:06:47] INFO: GET /api/admin/agents - ::1
[2025-04-15 12:06:47] INFO: GET /api/admin/agents - ::1
[2025-04-15 12:06:48] INFO: GET /api/admin/agents - ::1
[2025-04-15 12:06:48] INFO: GET /api/admin/agents - ::1
[2025-04-15 12:06:48] INFO: GET /api/admin/agents - ::1
[2025-04-15 12:06:48] INFO: GET /api/admin/agents - ::1
[2025-04-15 12:06:49] INFO: GET /api/admin/agents - ::1
[2025-04-15 12:06:49] INFO: GET /api/admin/agents - ::1
[2025-04-15 12:06:49] INFO: GET /api/admin/agents - ::1
[2025-04-15 12:06:49] INFO: GET /api/admin/agents - ::1
[2025-04-15 12:06:49] INFO: GET /api/admin/agents - ::1
[2025-04-15 12:06:49] INFO: GET /api/admin/agents - ::1
[2025-04-15 12:06:50] INFO: GET /api/admin/stats - ::1
[2025-04-15 12:06:50] INFO: GET /api/admin/stats - ::1
[2025-04-15 12:11:19] INFO: GET /api/admin/agents - ::1
[2025-04-15 12:11:19] INFO: GET /api/admin/agents - ::1
[2025-04-15 12:11:20] INFO: GET /api/admin/agents - ::1
[2025-04-15 12:11:20] INFO: GET /api/admin/agents - ::1
[2025-04-15 12:11:23] INFO: GET /api/users/featured - ::1
[2025-04-15 12:11:23] INFO: GET /api/properties - ::1
[2025-04-15 12:11:24] INFO: GET /api/admin/stats - ::1
[2025-04-15 12:11:24] INFO: GET /api/admin/stats - ::1
[2025-04-15 12:11:25] INFO: GET /api/admin/agents - ::1
[2025-04-15 12:11:25] INFO: GET /api/admin/agents - ::1
[2025-04-15 12:11:26] INFO: GET /api/admin/stats - ::1
[2025-04-15 12:11:26] INFO: GET /api/admin/stats - ::1
[2025-04-15 12:11:27] INFO: GET /api/admin/agents/pending - ::1
[2025-04-15 12:11:27] INFO: GET /api/admin/agents/pending - ::1
[2025-04-15 12:11:29] INFO: GET /api/admin/stats - ::1
[2025-04-15 12:11:29] INFO: GET /api/admin/stats - ::1
[2025-04-15 12:12:55] INFO: GET /api/admin/agents - ::1
[2025-04-15 12:12:55] INFO: GET /api/admin/agents - ::1
[2025-04-15 12:12:57] INFO: GET /api/admin/stats - ::1
[2025-04-15 12:12:57] INFO: GET /api/admin/stats - ::1
[2025-04-15 12:22:56] INFO: GET /api/admin/agents - ::1
[2025-04-15 12:22:56] INFO: GET /api/admin/agents - ::1
[2025-04-15 12:22:58] INFO: GET /api/admin/stats - ::1
[2025-04-15 12:22:58] INFO: GET /api/admin/stats - ::1
[2025-04-15 12:25:57] INFO: GET /api/admin/agents - ::1
[2025-04-15 12:25:57] INFO: GET /api/admin/agents - ::1
[2025-04-15 12:26:08] INFO: GET /api/admin/agents - ::1
[2025-04-15 12:26:12] INFO: GET /api/admin/stats - ::1
[2025-04-15 12:26:12] INFO: GET /api/admin/stats - ::1
[2025-04-15 12:26:13] INFO: GET /api/admin/agents - ::1
[2025-04-15 12:26:13] INFO: GET /api/admin/agents - ::1
[2025-04-15 12:30:20] INFO: GET /api/admin/stats - ::1
[2025-04-15 12:30:20] INFO: GET /api/admin/stats - ::1
[2025-04-15 12:30:21] INFO: GET /api/admin/agents - ::1
[2025-04-15 12:30:21] INFO: GET /api/admin/agents - ::1
[2025-04-15 12:30:23] INFO: GET /api/admin/agents - ::1
[2025-04-15 12:30:23] INFO: GET /api/admin/agents - ::1
[2025-04-15 12:30:53] INFO: GET /api/admin/stats - ::1
[2025-04-15 12:30:54] INFO: GET /api/admin/stats - ::1
[2025-04-15 12:30:55] INFO: GET /api/admin/stats - ::1
[2025-04-15 12:30:55] INFO: GET /api/admin/stats - ::1
[2025-04-15 12:30:55] INFO: GET /api/admin/agents - ::1
[2025-04-15 12:30:55] INFO: GET /api/admin/agents - ::1
[2025-04-15 12:30:58] INFO: GET /api/admin/stats - ::1
[2025-04-15 12:30:58] INFO: GET /api/admin/stats - ::1
[2025-04-15 12:36:43] INFO: GET /api/admin/agents - ::1
[2025-04-15 12:36:43] INFO: GET /api/admin/agents - ::1
[2025-04-15 14:16:51] INFO: GET /api/admin/agents - ::1
[2025-04-15 14:16:54] INFO: GET /api/admin/agents - ::1
[2025-04-15 14:17:07] INFO: GET /api/admin/agents - ::1
[2025-04-15 14:19:23] INFO: GET /api/admin/agents - ::1
[2025-04-15 15:08:28] INFO: GET /api/admin/agents - ::1
[2025-04-15 15:19:15] INFO: GET /api/admin/agents - ::1
[2025-04-15 15:19:20] INFO: GET /api/admin/agents - ::1
[2025-04-15 15:23:20] INFO: GET /api/admin/agents - ::1
[2025-04-15 15:23:22] INFO: GET /api/admin/stats - ::1
[2025-04-15 15:23:22] INFO: GET /api/admin/stats - ::1
[2025-04-15 15:23:23] INFO: GET /api/admin/agents/pending - ::1
[2025-04-15 15:23:23] INFO: GET /api/admin/agents/pending - ::1
[2025-04-15 15:23:25] INFO: PUT /api/admin/agents/301/verify - ::1
[2025-04-15 15:23:30] INFO: GET /api/admin/stats - ::1
[2025-04-15 15:23:30] INFO: GET /api/admin/stats - ::1
[2025-04-15 15:23:31] INFO: GET /api/admin/agents - ::1
[2025-04-15 15:23:31] INFO: GET /api/admin/agents - ::1
[2025-04-15 15:23:33] INFO: GET /api/admin/stats - ::1
[2025-04-15 15:23:33] INFO: GET /api/admin/stats - ::1
[2025-04-15 15:23:44] INFO: GET /api/admin/agents - ::1
[2025-04-15 15:23:44] INFO: GET /api/admin/agents - ::1
[2025-04-15 15:23:46] INFO: GET /api/admin/stats - ::1
[2025-04-15 15:23:46] INFO: GET /api/admin/stats - ::1
[2025-04-15 15:48:03] INFO: GET /api/admin/firms - ::1
[2025-04-15 15:48:03] INFO: GET /favicon.ico - ::1
[2025-04-15 15:57:18] INFO: GET /api/admin/stats - ::1
[2025-04-15 15:57:18] INFO: GET /api/admin/stats - ::1
[2025-04-15 15:57:38] INFO: GET /api/admin/firms - ::1
[2025-04-15 15:57:39] INFO: GET /api/admin/firms - ::1
[2025-04-15 15:59:12] INFO: GET /api/admin/firms - ::1
[2025-04-15 15:59:14] INFO: GET /api/admin/stats - ::1
[2025-04-15 15:59:14] INFO: GET /api/admin/stats - ::1
[2025-04-15 15:59:18] INFO: GET /api/admin/firms - ::1
[2025-04-15 15:59:18] INFO: GET /api/admin/firms - ::1
[2025-04-15 15:59:23] INFO: GET /api/admin/firms - ::1
[2025-04-15 15:59:49] INFO: GET /api/admin/firms - ::1
[2025-04-15 16:42:35] INFO: GET /api/admin/firms - ::1
[2025-04-15 16:42:39] INFO: GET /api/admin/stats - ::1
[2025-04-15 16:42:40] INFO: GET /api/admin/stats - ::1
[2025-04-15 16:42:42] INFO: GET /api/admin/firms - ::1
[2025-04-15 16:42:42] INFO: GET /api/admin/firms - ::1
[2025-04-16 09:53:28] INFO: GET /api/admin/stats - ::1
[2025-04-16 09:53:28] INFO: GET /api/admin/stats - ::1
[2025-04-16 09:53:29] INFO: GET /api/admin/firms - ::1
[2025-04-16 09:53:29] INFO: GET /api/admin/firms - ::1
[2025-04-16 09:53:33] INFO: GET /api/admin/stats - ::1
[2025-04-16 09:53:33] INFO: GET /api/admin/stats - ::1
[2025-04-16 12:38:51] INFO: POST /api/auth/login - ::1
[2025-04-16 12:38:51] WARN: Failed login attempt for non-existent user: agent@example.com
[2025-04-16 12:43:17] INFO: POST /api/agents/register - ::1
[2025-04-16 12:43:20] INFO: POST /api/agents/register - ::1
[2025-04-16 13:29:43] INFO: POST /api/agents/register - ::1
[2025-04-16 13:29:52] INFO: POST /api/agents/register - ::1
[2025-04-16 13:31:02] INFO: POST /api/agents/register - ::1
[2025-04-16 13:31:26] INFO: POST /api/agents/register - ::1
[2025-04-16 13:44:26] INFO: POST /api/agents/register - ::1
[2025-04-16 13:45:36] INFO: POST /api/agents/register - ::1
[2025-04-16 13:47:05] INFO: POST /api/agents/register - ::1
[2025-04-16 13:49:44] INFO: POST /api/agents/register - ::1
[2025-04-16 13:49:58] INFO: POST /api/agents/register - ::1
[2025-04-16 14:00:20] INFO: POST /api/agents/register - ::1
[2025-04-16 14:05:50] INFO: POST /api/agents/register - ::1
[2025-04-16 14:07:40] INFO: POST /api/agents/register - ::1
[2025-04-16 14:07:52] INFO: POST /api/agents/register - ::1
[2025-04-16 14:08:03] INFO: POST /api/agents/register - ::1
[2025-04-16 14:13:48] INFO: POST /api/agents/register - ::1
[2025-04-16 14:14:01] INFO: POST /api/agents/register - ::1
[2025-04-16 14:14:03] INFO: POST /api/agents/register - ::1
[2025-04-16 14:23:47] INFO: POST /api/agents/register - ::1
[2025-04-16 14:39:24] INFO: POST /api/agents/register - ::1
[2025-04-16 15:01:32] INFO: POST /api/agents/register - ::1
[2025-04-16 15:29:54] INFO: POST /api/agents/register - ::1
[2025-04-16 15:29:55] INFO: POST /api/agents/register - ::1
[2025-04-16 15:30:00] INFO: POST /api/agents/register - ::1
[2025-04-16 15:30:11] INFO: POST /api/agents/register - ::1
[2025-04-16 15:43:44] INFO: POST /api/agents/register - ::1
[2025-04-16 16:04:04] INFO: POST /api/agents/register - ::1
[2025-04-16 16:10:44] INFO: POST /api/agents/register - ::1
[2025-04-16 16:26:25] INFO: POST /api/agents/register - ::1
[2025-04-16 16:34:02] INFO: POST /api/agents/register - ::1
[2025-04-16 16:34:04] INFO: POST /api/agents/register - ::1
[2025-04-16 16:51:06] INFO: POST /api/agents/register - ::1
[2025-04-16 16:51:14] INFO: POST /api/agents/register - ::1
[2025-04-16 16:52:11] INFO: POST /api/agents/register - ::1
[2025-04-16 16:52:18] INFO: POST /api/agents/register - ::1
[2025-04-16 16:52:29] INFO: POST /api/agents/register - ::1
[2025-04-16 16:53:03] INFO: POST /api/agents/register - ::1
[2025-04-16 17:31:18] INFO: POST /api/agents/register - ::1
[2025-04-16 17:31:48] INFO: POST /api/agents/register - ::1
[2025-04-16 17:31:50] INFO: POST /api/agents/register - ::1
[2025-04-16 17:34:17] INFO: POST /api/agents/register - ::1
[2025-04-16 17:35:17] INFO: POST /api/agents/register - ::1
[2025-04-16 20:43:31] INFO: POST /api/agents/register - ::1
[2025-04-16 21:02:18] INFO: POST /api/agents/register - ::1
[2025-04-16 21:02:24] INFO: POST /api/auth/register - ::1
[2025-04-16 21:11:42] INFO: POST /api/agents/register - ::1
[2025-04-16 21:12:54] INFO: POST /api/agents/register - ::1
[2025-04-16 21:13:21] INFO: POST /api/agents/register - ::1
[2025-04-16 21:13:24] INFO: POST /api/agents/register - ::1
[2025-04-16 21:13:27] INFO: POST /api/agents/register - ::1
[2025-04-16 21:13:29] INFO: POST /api/agents/register - ::1
[2025-04-16 21:14:26] INFO: GET /api/users/featured - ::1
[2025-04-16 21:14:26] INFO: GET /api/properties - ::1
[2025-04-16 21:14:26] INFO: GET /api/users/featured - ::1
[2025-04-16 21:14:26] INFO: GET /api/properties - ::1
[2025-04-16 21:15:31] INFO: GET /api/properties - ::1
[2025-04-16 21:15:31] INFO: GET /api/users/featured - ::1
[2025-04-16 21:57:57] INFO: POST /api/agents/register - ::1
[2025-04-16 21:57:59] INFO: POST /api/agents/register - ::1
[2025-04-16 21:58:48] INFO: POST /api/agents/register - ::1
[2025-04-16 21:58:54] INFO: POST /api/agents/register - ::1
[2025-04-16 22:06:29] INFO: POST /api/agents/register - ::1
[2025-04-17 08:47:07] INFO: POST /api/agents/register - ::1
[2025-04-17 08:48:39] INFO: POST /api/agents/register - ::1
[2025-04-17 08:49:20] INFO: POST /api/agents/register - ::1
[2025-04-17 08:49:21] INFO: POST /api/agents/register - ::1
[2025-04-17 09:08:11] INFO: POST /api/agents/register - ::1
[2025-04-17 09:09:58] INFO: POST /api/agents/register - ::1
[2025-04-17 09:15:29] INFO: POST /api/agents/register - ::1
[2025-04-17 09:15:34] INFO: POST /api/agents/register - ::1
[2025-04-17 09:15:41] INFO: GET /api/users/featured - ::1
[2025-04-17 09:15:41] INFO: GET /api/properties - ::1
[2025-04-17 09:15:41] INFO: GET /api/users/featured - ::1
[2025-04-17 09:15:41] INFO: GET /api/properties - ::1
[2025-04-17 09:15:51] INFO: POST /api/auth/login - ::1
[2025-04-17 13:57:11] INFO: POST /api/agents/register - ::1
[2025-04-17 13:57:21] INFO: POST /api/agents/register - ::1
[2025-04-17 13:57:25] INFO: POST /api/agents/register - ::1
[2025-04-17 13:58:01] INFO: POST /api/agents/register - ::1
[2025-04-17 13:58:03] INFO: POST /api/agents/register - ::1
[2025-04-17 13:58:19] INFO: POST /api/agents/register - ::1
[2025-04-17 13:58:23] INFO: POST /api/agents/register - ::1
[2025-04-17 14:00:19] INFO: POST /api/agents/register - ::1
[2025-04-17 14:43:10] INFO: POST /api/agents/register - ::1
[2025-04-17 14:43:30] INFO: POST /api/agents/register - ::1
[2025-04-17 14:43:48] INFO: POST /api/auth/login - ::1
[2025-04-20 08:54:49] INFO: GET /api/users/featured - ::1
[2025-04-20 08:54:49] INFO: GET /api/properties - ::1
[2025-04-21 12:42:15] INFO: GET /api/users/featured - ::1
[2025-04-21 12:42:15] INFO: GET /api/properties - ::1
[2025-04-21 15:33:23] INFO: POST /api/auth/register - ::1
[2025-04-21 15:33:35] INFO: POST /api/auth/login - ::1
[2025-04-21 15:33:35] INFO: GET /api/questionnaire/reminder - ::1
[2025-04-21 15:33:35] INFO: GET /api/questionnaire/check - ::1
[2025-04-21 15:33:35] INFO: GET /api/questionnaire/reminder - ::1
[2025-04-21 15:33:36] INFO: GET /api/questionnaire/check - ::1
[2025-04-21 15:33:39] INFO: GET /api/users/featured - ::1
[2025-04-21 15:33:39] INFO: GET /api/properties - ::1
[2025-04-21 15:33:39] INFO: GET /api/questionnaire/check - ::1
[2025-04-21 15:33:40] INFO: GET /api/users/featured - ::1
[2025-04-21 15:33:40] INFO: GET /api/properties - ::1
[2025-04-21 15:33:40] INFO: GET /api/questionnaire/check - ::1
[2025-04-21 15:33:48] INFO: GET /api/questionnaire/check - ::1
[2025-04-21 15:33:48] INFO: GET /api/questionnaire/check - ::1
[2025-04-21 15:34:16] INFO: GET /api/questionnaire - ::1
[2025-04-21 15:34:16] INFO: GET /api/questionnaire - ::1
[2025-04-21 15:34:18] INFO: GET /api/users/featured - ::1
[2025-04-21 15:34:18] INFO: GET /api/properties - ::1
[2025-04-21 15:34:18] INFO: GET /api/questionnaire/check - ::1
[2025-04-21 15:34:18] INFO: GET /api/users/featured - ::1
[2025-04-21 15:34:18] INFO: GET /api/questionnaire/check - ::1
[2025-04-21 15:34:18] INFO: GET /api/properties - ::1
[2025-04-21 15:34:20] INFO: GET /api/questionnaire - ::1
[2025-04-21 15:34:20] INFO: GET /api/questionnaire - ::1
[2025-04-21 15:34:34] INFO: GET /api/users/featured - ::1
[2025-04-21 15:34:34] INFO: GET /api/properties - ::1
[2025-04-21 15:34:34] INFO: GET /api/questionnaire/check - ::1
[2025-04-21 15:34:34] INFO: GET /api/users/featured - ::1
[2025-04-21 15:34:34] INFO: GET /api/properties - ::1
[2025-04-21 15:34:34] INFO: GET /api/questionnaire/check - ::1
[2025-04-21 15:39:07] INFO: GET /api/questionnaire - ::1
[2025-04-21 15:39:07] INFO: GET /api/questionnaire - ::1
[2025-04-21 15:58:45] INFO: POST /api/questionnaire - ::1
[2025-04-21 16:12:31] INFO: POST /api/questionnaire - ::1
